{"/home/travis/build/npmtest/node-npmtest-testdouble/test.js":{"path":"/home/travis/build/npmtest/node-npmtest-testdouble/test.js","s":{"1":2,"2":2,"3":2,"4":2,"5":2,"6":2,"7":2,"8":1,"9":2,"10":2,"11":1,"12":1,"13":1,"14":1,"15":2,"16":2,"17":2,"18":2,"19":1,"20":1,"21":2,"22":2,"23":2,"24":1,"25":1,"26":1,"27":1,"28":1,"29":1,"30":1,"31":1,"32":1,"33":1,"34":1,"35":1,"36":1,"37":1,"38":1,"39":2,"40":2,"41":1,"42":2,"43":2,"44":1,"45":2,"46":2,"47":1,"48":2,"49":2,"50":1,"51":1,"52":1,"53":1,"54":1},"b":{"1":[2,1,1,1],"2":[1,1,1,1],"3":[1,1],"4":[1,1],"5":[1,1],"6":[1,1],"7":[1,1],"8":[1,1],"9":[1,1],"10":[1,1,1],"11":[1,1],"12":[1,1],"13":[1,1],"14":[1,1],"15":[1,1],"16":[1,1],"17":[1,1]},"f":{"1":2,"2":2,"3":2,"4":2,"5":2,"6":1,"7":1,"8":1,"9":2,"10":2,"11":2,"12":2,"13":1},"fnMap":{"1":{"name":"(anonymous_1)","line":12,"loc":{"start":{"line":12,"column":1},"end":{"line":12,"column":13}}},"2":{"name":"(anonymous_2)","line":19,"loc":{"start":{"line":19,"column":5},"end":{"line":19,"column":17}}},"3":{"name":"(anonymous_3)","line":23,"loc":{"start":{"line":23,"column":24},"end":{"line":23,"column":36}}},"4":{"name":"(anonymous_4)","line":61,"loc":{"start":{"line":61,"column":5},"end":{"line":61,"column":17}}},"5":{"name":"(anonymous_5)","line":82,"loc":{"start":{"line":82,"column":5},"end":{"line":82,"column":17}}},"6":{"name":"(anonymous_6)","line":91,"loc":{"start":{"line":91,"column":77},"end":{"line":94,"column":10}}},"7":{"name":"(anonymous_7)","line":112,"loc":{"start":{"line":112,"column":83},"end":{"line":115,"column":10}},"skip":true},"8":{"name":"(anonymous_8)","line":123,"loc":{"start":{"line":123,"column":77},"end":{"line":126,"column":10}},"skip":true},"9":{"name":"(anonymous_9)","line":139,"loc":{"start":{"line":139,"column":12},"end":{"line":139,"column":40}},"skip":true},"10":{"name":"(anonymous_10)","line":147,"loc":{"start":{"line":147,"column":77},"end":{"line":150,"column":10}},"skip":true},"11":{"name":"(anonymous_11)","line":158,"loc":{"start":{"line":158,"column":83},"end":{"line":161,"column":10}},"skip":true},"12":{"name":"(anonymous_12)","line":169,"loc":{"start":{"line":169,"column":79},"end":{"line":172,"column":10}},"skip":true},"13":{"name":"(anonymous_13)","line":180,"loc":{"start":{"line":180,"column":75},"end":{"line":183,"column":10}},"skip":true}},"statementMap":{"1":{"start":{"line":12,"column":0},"end":{"line":195,"column":5}},"2":{"start":{"line":14,"column":4},"end":{"line":14,"column":14}},"3":{"start":{"line":19,"column":4},"end":{"line":56,"column":9}},"4":{"start":{"line":21,"column":8},"end":{"line":21,"column":19}},"5":{"start":{"line":23,"column":8},"end":{"line":35,"column":13}},"6":{"start":{"line":24,"column":12},"end":{"line":34,"column":13}},"7":{"start":{"line":25,"column":16},"end":{"line":28,"column":30}},"8":{"start":{"line":30,"column":16},"end":{"line":33,"column":27}},"9":{"start":{"line":37,"column":8},"end":{"line":39,"column":21}},"10":{"start":{"line":40,"column":8},"end":{"line":53,"column":9}},"11":{"start":{"line":43,"column":12},"end":{"line":46,"column":14}},"12":{"start":{"line":47,"column":12},"end":{"line":47,"column":18}},"13":{"start":{"line":50,"column":12},"end":{"line":51,"column":33}},"14":{"start":{"line":52,"column":12},"end":{"line":52,"column":18}},"15":{"start":{"line":55,"column":8},"end":{"line":55,"column":35}},"16":{"start":{"line":61,"column":4},"end":{"line":63,"column":9}},"17":{"start":{"line":62,"column":8},"end":{"line":62,"column":15}},"18":{"start":{"line":64,"column":4},"end":{"line":77,"column":5}},"19":{"start":{"line":70,"column":8},"end":{"line":70,"column":14}},"20":{"start":{"line":76,"column":8},"end":{"line":76,"column":14}},"21":{"start":{"line":82,"column":4},"end":{"line":84,"column":9}},"22":{"start":{"line":83,"column":8},"end":{"line":83,"column":15}},"23":{"start":{"line":85,"column":4},"end":{"line":194,"column":5}},"24":{"start":{"line":91,"column":8},"end":{"line":99,"column":10}},"25":{"start":{"line":98,"column":12},"end":{"line":98,"column":35}},"26":{"start":{"line":102,"column":8},"end":{"line":104,"column":63}},"27":{"start":{"line":105,"column":8},"end":{"line":105,"column":14}},"28":{"start":{"line":112,"column":8},"end":{"line":121,"column":10},"skip":true},"29":{"start":{"line":119,"column":12},"end":{"line":119,"column":55},"skip":true},"30":{"start":{"line":120,"column":12},"end":{"line":120,"column":48},"skip":true},"31":{"start":{"line":123,"column":8},"end":{"line":136,"column":10},"skip":true},"32":{"start":{"line":130,"column":12},"end":{"line":130,"column":76},"skip":true},"33":{"start":{"line":131,"column":12},"end":{"line":131,"column":73},"skip":true},"34":{"start":{"line":132,"column":12},"end":{"line":132,"column":74},"skip":true},"35":{"start":{"line":133,"column":12},"end":{"line":133,"column":79},"skip":true},"36":{"start":{"line":134,"column":12},"end":{"line":134,"column":25},"skip":true},"37":{"start":{"line":135,"column":12},"end":{"line":135,"column":45},"skip":true},"38":{"start":{"line":138,"column":8},"end":{"line":145,"column":14},"skip":true},"39":{"start":{"line":143,"column":16},"end":{"line":143,"column":29},"skip":true},"40":{"start":{"line":144,"column":16},"end":{"line":144,"column":55},"skip":true},"41":{"start":{"line":147,"column":8},"end":{"line":156,"column":10},"skip":true},"42":{"start":{"line":154,"column":12},"end":{"line":154,"column":25},"skip":true},"43":{"start":{"line":155,"column":12},"end":{"line":155,"column":45},"skip":true},"44":{"start":{"line":158,"column":8},"end":{"line":167,"column":10},"skip":true},"45":{"start":{"line":165,"column":12},"end":{"line":165,"column":25},"skip":true},"46":{"start":{"line":166,"column":12},"end":{"line":166,"column":48},"skip":true},"47":{"start":{"line":169,"column":8},"end":{"line":178,"column":10},"skip":true},"48":{"start":{"line":176,"column":12},"end":{"line":176,"column":25},"skip":true},"49":{"start":{"line":177,"column":12},"end":{"line":177,"column":46},"skip":true},"50":{"start":{"line":180,"column":8},"end":{"line":189,"column":10},"skip":true},"51":{"start":{"line":187,"column":12},"end":{"line":187,"column":94},"skip":true},"52":{"start":{"line":188,"column":12},"end":{"line":188,"column":48},"skip":true},"53":{"start":{"line":192,"column":8},"end":{"line":192,"column":35},"skip":true},"54":{"start":{"line":193,"column":8},"end":{"line":193,"column":14},"skip":true}},"branchMap":{"1":{"line":25,"type":"binary-expr","locations":[{"start":{"line":25,"column":23},"end":{"line":25,"column":62}},{"start":{"line":26,"column":20},"end":{"line":26,"column":70}},{"start":{"line":27,"column":20},"end":{"line":27,"column":71}},{"start":{"line":28,"column":20},"end":{"line":28,"column":29}}]},"2":{"line":30,"type":"binary-expr","locations":[{"start":{"line":30,"column":23},"end":{"line":30,"column":37}},{"start":{"line":31,"column":20},"end":{"line":31,"column":61}},{"start":{"line":32,"column":20},"end":{"line":32,"column":70}},{"start":{"line":33,"column":20},"end":{"line":33,"column":26}}]},"3":{"line":37,"type":"cond-expr","locations":[{"start":{"line":38,"column":14},"end":{"line":38,"column":20}},{"start":{"line":39,"column":14},"end":{"line":39,"column":20}}]},"4":{"line":40,"type":"switch","locations":[{"start":{"line":42,"column":8},"end":{"line":47,"column":18}},{"start":{"line":49,"column":8},"end":{"line":52,"column":18}}]},"5":{"line":44,"type":"binary-expr","locations":[{"start":{"line":44,"column":16},"end":{"line":44,"column":44}},{"start":{"line":44,"column":48},"end":{"line":44,"column":66}}]},"6":{"line":50,"type":"binary-expr","locations":[{"start":{"line":50,"column":21},"end":{"line":50,"column":49}},{"start":{"line":50,"column":53},"end":{"line":50,"column":72}}]},"7":{"line":64,"type":"switch","locations":[{"start":{"line":69,"column":4},"end":{"line":70,"column":14}},{"start":{"line":75,"column":4},"end":{"line":76,"column":14}}]},"8":{"line":85,"type":"switch","locations":[{"start":{"line":90,"column":4},"end":{"line":105,"column":14}},{"start":{"line":111,"column":4},"end":{"line":193,"column":14},"skip":true}]},"9":{"line":91,"type":"binary-expr","locations":[{"start":{"line":91,"column":42},"end":{"line":91,"column":73}},{"start":{"line":91,"column":77},"end":{"line":99,"column":9}}]},"10":{"line":102,"type":"binary-expr","locations":[{"start":{"line":102,"column":18},"end":{"line":102,"column":32}},{"start":{"line":103,"column":12},"end":{"line":103,"column":53}},{"start":{"line":104,"column":12},"end":{"line":104,"column":61}}]},"11":{"line":112,"type":"binary-expr","locations":[{"start":{"line":112,"column":45},"end":{"line":112,"column":79},"skip":true},{"start":{"line":112,"column":83},"end":{"line":121,"column":9},"skip":true}]},"12":{"line":123,"type":"binary-expr","locations":[{"start":{"line":123,"column":42},"end":{"line":123,"column":73},"skip":true},{"start":{"line":123,"column":77},"end":{"line":136,"column":9},"skip":true}]},"13":{"line":138,"type":"binary-expr","locations":[{"start":{"line":138,"column":48},"end":{"line":138,"column":85},"skip":true},{"start":{"line":139,"column":12},"end":{"line":145,"column":13},"skip":true}]},"14":{"line":147,"type":"binary-expr","locations":[{"start":{"line":147,"column":42},"end":{"line":147,"column":73},"skip":true},{"start":{"line":147,"column":77},"end":{"line":156,"column":9},"skip":true}]},"15":{"line":158,"type":"binary-expr","locations":[{"start":{"line":158,"column":45},"end":{"line":158,"column":79},"skip":true},{"start":{"line":158,"column":83},"end":{"line":167,"column":9},"skip":true}]},"16":{"line":169,"type":"binary-expr","locations":[{"start":{"line":169,"column":43},"end":{"line":169,"column":75},"skip":true},{"start":{"line":169,"column":79},"end":{"line":178,"column":9},"skip":true}]},"17":{"line":180,"type":"binary-expr","locations":[{"start":{"line":180,"column":41},"end":{"line":180,"column":71},"skip":true},{"start":{"line":180,"column":75},"end":{"line":189,"column":9},"skip":true}]}},"code":["/* istanbul instrument in package npmtest_testdouble */","/*jslint","    bitwise: true,","    browser: true,","    maxerr: 8,","    maxlen: 96,","    node: true,","    nomen: true,","    regexp: true,","    stupid: true","*/","(function () {","    'use strict';","    var local;","","","","    // run shared js-env code - init-before","    (function () {","        // init local","        local = {};","        // init modeJs","        local.modeJs = (function () {","            try {","                return typeof navigator.userAgent === 'string' &&","                    typeof document.querySelector('body') === 'object' &&","                    typeof XMLHttpRequest.prototype.open === 'function' &&","                    'browser';","            } catch (errorCaughtBrowser) {","                return module.exports &&","                    typeof process.versions.node === 'string' &&","                    typeof require('http').createServer === 'function' &&","                    'node';","            }","        }());","        // init global","        local.global = local.modeJs === 'browser'","            ? window","            : global;","        switch (local.modeJs) {","        // re-init local from window.local","        case 'browser':","            local = local.global.utility2.objectSetDefault(","                local.global.utility2_rollup || local.global.local,","                local.global.utility2","            );","            break;","        // re-init local from example.js","        case 'node':","            local = (local.global.utility2_rollup || require('utility2'))","                .requireReadme();","            break;","        }","        // export local","        local.global.local = local;","    }());","","","","    // run shared js-env code - function","    (function () {","        return;","    }());","    switch (local.modeJs) {","","","","    // run browser js-env code - function","    case 'browser':","        break;","","","","    // run node js-env code - function","    case 'node':","        break;","    }","","","","    // run shared js-env code - init-after","    (function () {","        return;","    }());","    switch (local.modeJs) {","","","","    // run browser js-env code - init-after","    case 'browser':","        local.testCase_browser_nullCase = local.testCase_browser_nullCase || function (","            options,","            onError","        ) {","        /*","         * this function will test browsers's null-case handling-behavior-behavior","         */","            onError(null, options);","        };","","        // run tests","        local.nop(local.modeTest &&","            document.querySelector('#testRunButton1') &&","            document.querySelector('#testRunButton1').click());","        break;","","","","    // run node js-env code - init-after","    /* istanbul ignore next */","    case 'node':","        local.testCase_buildApidoc_default = local.testCase_buildApidoc_default || function (","            options,","            onError","        ) {","        /*","         * this function will test buildApidoc's default handling-behavior-behavior","         */","            options = { modulePathList: module.paths };","            local.buildApidoc(options, onError);","        };","","        local.testCase_buildApp_default = local.testCase_buildApp_default || function (","            options,","            onError","        ) {","        /*","         * this function will test buildApp's default handling-behavior-behavior","         */","            local.testCase_buildReadme_default(options, local.onErrorThrow);","            local.testCase_buildLib_default(options, local.onErrorThrow);","            local.testCase_buildTest_default(options, local.onErrorThrow);","            local.testCase_buildCustomOrg_default(options, local.onErrorThrow);","            options = [];","            local.buildApp(options, onError);","        };","","        local.testCase_buildCustomOrg_default = local.testCase_buildCustomOrg_default ||","            function (options, onError) {","            /*","             * this function will test buildCustomOrg's default handling-behavior","             */","                options = {};","                local.buildCustomOrg(options, onError);","            };","","        local.testCase_buildLib_default = local.testCase_buildLib_default || function (","            options,","            onError","        ) {","        /*","         * this function will test buildLib's default handling-behavior","         */","            options = {};","            local.buildLib(options, onError);","        };","","        local.testCase_buildReadme_default = local.testCase_buildReadme_default || function (","            options,","            onError","        ) {","        /*","         * this function will test buildReadme's default handling-behavior-behavior","         */","            options = {};","            local.buildReadme(options, onError);","        };","","        local.testCase_buildTest_default = local.testCase_buildTest_default || function (","            options,","            onError","        ) {","        /*","         * this function will test buildTest's default handling-behavior","         */","            options = {};","            local.buildTest(options, onError);","        };","","        local.testCase_webpage_default = local.testCase_webpage_default || function (","            options,","            onError","        ) {","        /*","         * this function will test webpage's default handling-behavior","         */","            options = { modeCoverageMerge: true, url: local.serverLocalHost + '?modeTest=1' };","            local.browserTest(options, onError);","        };","","        // run test-server","        local.testRunServer(local);","        break;","    }","}());",""],"l":{"12":2,"14":2,"19":2,"21":2,"23":2,"24":2,"25":2,"30":1,"37":2,"40":2,"43":1,"47":1,"50":1,"52":1,"55":2,"61":2,"62":2,"64":2,"70":1,"76":1,"82":2,"83":2,"85":2,"91":1,"98":1,"102":1,"105":1,"112":1,"119":1,"120":1,"123":1,"130":1,"131":1,"132":1,"133":1,"134":1,"135":1,"138":1,"143":2,"144":2,"147":1,"154":2,"155":2,"158":1,"165":2,"166":2,"169":1,"176":2,"177":2,"180":1,"187":1,"188":1,"192":1,"193":1}},"/home/travis/build/npmtest/node-npmtest-testdouble/lib.npmtest_testdouble.js":{"path":"/home/travis/build/npmtest/node-npmtest-testdouble/lib.npmtest_testdouble.js","s":{"1":2,"2":2,"3":2,"4":2,"5":2,"6":2,"7":2,"8":1,"9":2,"10":2,"11":2,"12":2,"13":1,"14":1,"15":1,"16":1},"b":{"1":[2,1,1,1],"2":[1,1,1,1],"3":[1,1],"4":[2,2],"5":[1,1]},"f":{"1":2,"2":2,"3":2},"fnMap":{"1":{"name":"(anonymous_1)","line":12,"loc":{"start":{"line":12,"column":1},"end":{"line":12,"column":13}}},"2":{"name":"(anonymous_2)","line":19,"loc":{"start":{"line":19,"column":5},"end":{"line":19,"column":17}}},"3":{"name":"(anonymous_3)","line":23,"loc":{"start":{"line":23,"column":24},"end":{"line":23,"column":36}}}},"statementMap":{"1":{"start":{"line":12,"column":0},"end":{"line":53,"column":5}},"2":{"start":{"line":14,"column":4},"end":{"line":14,"column":14}},"3":{"start":{"line":19,"column":4},"end":{"line":52,"column":9}},"4":{"start":{"line":21,"column":8},"end":{"line":21,"column":19}},"5":{"start":{"line":23,"column":8},"end":{"line":35,"column":13}},"6":{"start":{"line":24,"column":12},"end":{"line":34,"column":13}},"7":{"start":{"line":25,"column":16},"end":{"line":28,"column":30}},"8":{"start":{"line":30,"column":16},"end":{"line":33,"column":27}},"9":{"start":{"line":37,"column":8},"end":{"line":39,"column":21}},"10":{"start":{"line":41,"column":8},"end":{"line":41,"column":54}},"11":{"start":{"line":43,"column":8},"end":{"line":43,"column":55}},"12":{"start":{"line":45,"column":8},"end":{"line":51,"column":9}},"13":{"start":{"line":46,"column":12},"end":{"line":46,"column":61}},"14":{"start":{"line":48,"column":12},"end":{"line":48,"column":35}},"15":{"start":{"line":49,"column":12},"end":{"line":49,"column":49}},"16":{"start":{"line":50,"column":12},"end":{"line":50,"column":43}}},"branchMap":{"1":{"line":25,"type":"binary-expr","locations":[{"start":{"line":25,"column":23},"end":{"line":25,"column":62}},{"start":{"line":26,"column":20},"end":{"line":26,"column":70}},{"start":{"line":27,"column":20},"end":{"line":27,"column":71}},{"start":{"line":28,"column":20},"end":{"line":28,"column":29}}]},"2":{"line":30,"type":"binary-expr","locations":[{"start":{"line":30,"column":23},"end":{"line":30,"column":37}},{"start":{"line":31,"column":20},"end":{"line":31,"column":61}},{"start":{"line":32,"column":20},"end":{"line":32,"column":70}},{"start":{"line":33,"column":20},"end":{"line":33,"column":26}}]},"3":{"line":37,"type":"cond-expr","locations":[{"start":{"line":38,"column":14},"end":{"line":38,"column":20}},{"start":{"line":39,"column":14},"end":{"line":39,"column":20}}]},"4":{"line":41,"type":"binary-expr","locations":[{"start":{"line":41,"column":16},"end":{"line":41,"column":44}},{"start":{"line":41,"column":48},"end":{"line":41,"column":53}}]},"5":{"line":45,"type":"if","locations":[{"start":{"line":45,"column":8},"end":{"line":45,"column":8}},{"start":{"line":45,"column":8},"end":{"line":45,"column":8}}]}},"code":["/* istanbul instrument in package npmtest_testdouble */","/*jslint","    bitwise: true,","    browser: true,","    maxerr: 8,","    maxlen: 96,","    node: true,","    nomen: true,","    regexp: true,","    stupid: true","*/","(function () {","    'use strict';","    var local;","","","","    // run shared js-env code - init-before","    (function () {","        // init local","        local = {};","        // init modeJs","        local.modeJs = (function () {","            try {","                return typeof navigator.userAgent === 'string' &&","                    typeof document.querySelector('body') === 'object' &&","                    typeof XMLHttpRequest.prototype.open === 'function' &&","                    'browser';","            } catch (errorCaughtBrowser) {","                return module.exports &&","                    typeof process.versions.node === 'string' &&","                    typeof require('http').createServer === 'function' &&","                    'node';","            }","        }());","        // init global","        local.global = local.modeJs === 'browser'","            ? window","            : global;","        // init utility2_rollup","        local = local.global.utility2_rollup || local;","        // init lib","        local.local = local.npmtest_testdouble = local;","        // init exports","        if (local.modeJs === 'browser') {","            local.global.utility2_npmtest_testdouble = local;","        } else {","            module.exports = local;","            module.exports.__dirname = __dirname;","            module.exports.module = module;","        }","    }());","}());",""],"l":{"12":2,"14":2,"19":2,"21":2,"23":2,"24":2,"25":2,"30":1,"37":2,"41":2,"43":2,"45":2,"46":1,"48":1,"49":1,"50":1}},"/home/travis/build/npmtest/node-npmtest-testdouble/example.js":{"path":"/home/travis/build/npmtest/node-npmtest-testdouble/example.js","s":{"1":2,"2":2,"3":2,"4":2,"5":2,"6":2,"7":2,"8":1,"9":2,"10":2,"11":2,"12":2,"13":1,"14":2,"15":2,"16":2,"17":2,"18":2,"19":0,"20":2,"21":1,"22":1,"23":1,"24":1,"25":1,"26":0,"27":0,"28":1,"29":1,"30":2,"31":0,"32":0,"33":0,"34":1,"35":2,"36":2,"37":3,"38":3,"39":3,"40":3,"41":0,"42":3,"43":3,"44":3,"45":1,"46":3,"47":1,"48":1,"49":1,"50":1,"51":1,"52":1,"53":1,"54":1,"55":1,"56":1,"57":0,"58":1,"59":6,"60":6,"61":1,"62":2,"63":0,"64":2,"65":1,"66":1,"67":0,"68":0,"69":0,"70":0,"71":0,"72":0,"73":0,"74":0,"75":0,"76":0,"77":0,"78":0,"79":0,"80":0,"81":0,"82":0,"83":0},"b":{"1":[2,1,1,1],"2":[1,1,1,1],"3":[1,1],"4":[2,2],"5":[1,1],"6":[1,1],"7":[2,0],"8":[2,1,1,1,1,1],"9":[0,2,0],"10":[1,1],"11":[2,1,1],"12":[1,0],"13":[0,2],"14":[2,0,0,0,0,0,0],"15":[0,3],"16":[3,0],"17":[1,1],"18":[0,1],"19":[1,2,0,2],"20":[1,0],"21":[1,1],"22":[0,0],"23":[0,0],"24":[0,0],"25":[0,0],"26":[0,0],"27":[0,0],"28":[0,0]},"f":{"1":2,"2":2,"3":2,"4":2,"5":2,"6":2,"7":3,"8":3,"9":3,"10":1,"11":6,"12":0},"fnMap":{"1":{"name":"(anonymous_1)","line":26,"loc":{"start":{"line":26,"column":1},"end":{"line":26,"column":13}}},"2":{"name":"(anonymous_2)","line":33,"loc":{"start":{"line":33,"column":5},"end":{"line":33,"column":17}}},"3":{"name":"(anonymous_3)","line":37,"loc":{"start":{"line":37,"column":24},"end":{"line":37,"column":36}}},"4":{"name":"(anonymous_4)","line":69,"loc":{"start":{"line":69,"column":31},"end":{"line":69,"column":48}},"skip":true},"5":{"name":"(anonymous_5)","line":78,"loc":{"start":{"line":78,"column":26},"end":{"line":78,"column":45}},"skip":true},"6":{"name":"(anonymous_6)","line":123,"loc":{"start":{"line":123,"column":33},"end":{"line":123,"column":48}},"skip":true},"7":{"name":"(anonymous_7)","line":125,"loc":{"start":{"line":125,"column":27},"end":{"line":125,"column":39}},"skip":true},"8":{"name":"(anonymous_8)","line":133,"loc":{"start":{"line":133,"column":59},"end":{"line":133,"column":74}},"skip":true},"9":{"name":"(anonymous_9)","line":143,"loc":{"start":{"line":143,"column":45},"end":{"line":143,"column":62}},"skip":true},"10":{"name":"(anonymous_10)","line":144,"loc":{"start":{"line":144,"column":73},"end":{"line":144,"column":92}},"skip":true},"11":{"name":"(anonymous_11)","line":272,"loc":{"start":{"line":272,"column":51},"end":{"line":272,"column":77}},"skip":true},"12":{"name":"(anonymous_12)","line":315,"loc":{"start":{"line":315,"column":32},"end":{"line":315,"column":61}},"skip":true}},"statementMap":{"1":{"start":{"line":26,"column":0},"end":{"line":326,"column":5}},"2":{"start":{"line":28,"column":4},"end":{"line":28,"column":14}},"3":{"start":{"line":33,"column":4},"end":{"line":60,"column":9}},"4":{"start":{"line":35,"column":8},"end":{"line":35,"column":19}},"5":{"start":{"line":37,"column":8},"end":{"line":49,"column":13}},"6":{"start":{"line":38,"column":12},"end":{"line":48,"column":13}},"7":{"start":{"line":39,"column":16},"end":{"line":42,"column":30}},"8":{"start":{"line":44,"column":16},"end":{"line":47,"column":27}},"9":{"start":{"line":51,"column":8},"end":{"line":53,"column":21}},"10":{"start":{"line":55,"column":8},"end":{"line":57,"column":45}},"11":{"start":{"line":59,"column":8},"end":{"line":59,"column":35}},"12":{"start":{"line":61,"column":4},"end":{"line":325,"column":5}},"13":{"start":{"line":69,"column":8},"end":{"line":121,"column":10},"skip":true},"14":{"start":{"line":70,"column":12},"end":{"line":88,"column":13},"skip":true},"15":{"start":{"line":76,"column":16},"end":{"line":87,"column":19},"skip":true},"16":{"start":{"line":79,"column":20},"end":{"line":86,"column":21},"skip":true},"17":{"start":{"line":82,"column":24},"end":{"line":82,"column":43},"skip":true},"18":{"start":{"line":83,"column":24},"end":{"line":83,"column":30},"skip":true},"19":{"start":{"line":85,"column":24},"end":{"line":85,"column":49},"skip":true},"20":{"start":{"line":89,"column":12},"end":{"line":107,"column":13},"skip":true},"21":{"start":{"line":92,"column":16},"end":{"line":102,"column":17},"skip":true},"22":{"start":{"line":93,"column":20},"end":{"line":93,"column":86},"skip":true},"23":{"start":{"line":94,"column":20},"end":{"line":95,"column":45},"skip":true},"24":{"start":{"line":96,"column":20},"end":{"line":96,"column":42},"skip":true},"25":{"start":{"line":97,"column":20},"end":{"line":97,"column":48},"skip":true},"26":{"start":{"line":100,"column":20},"end":{"line":100,"column":85},"skip":true},"27":{"start":{"line":101,"column":20},"end":{"line":101,"column":96},"skip":true},"28":{"start":{"line":103,"column":16},"end":{"line":103,"column":22},"skip":true},"29":{"start":{"line":106,"column":16},"end":{"line":106,"column":22},"skip":true},"30":{"start":{"line":108,"column":12},"end":{"line":120,"column":13},"skip":true},"31":{"start":{"line":114,"column":16},"end":{"line":119,"column":17},"skip":true},"32":{"start":{"line":116,"column":20},"end":{"line":116,"column":78},"skip":true},"33":{"start":{"line":118,"column":20},"end":{"line":118,"column":47},"skip":true},"34":{"start":{"line":123,"column":8},"end":{"line":141,"column":11},"skip":true},"35":{"start":{"line":124,"column":12},"end":{"line":124,"column":54},"skip":true},"36":{"start":{"line":125,"column":12},"end":{"line":140,"column":14},"skip":true},"37":{"start":{"line":126,"column":16},"end":{"line":126,"column":28},"skip":true},"38":{"start":{"line":127,"column":16},"end":{"line":127,"column":69},"skip":true},"39":{"start":{"line":128,"column":16},"end":{"line":128,"column":75},"skip":true},"40":{"start":{"line":129,"column":16},"end":{"line":131,"column":17},"skip":true},"41":{"start":{"line":130,"column":20},"end":{"line":130,"column":27},"skip":true},"42":{"start":{"line":133,"column":16},"end":{"line":137,"column":36},"skip":true},"43":{"start":{"line":134,"column":20},"end":{"line":136,"column":55},"skip":true},"44":{"start":{"line":139,"column":16},"end":{"line":139,"column":57},"skip":true},"45":{"start":{"line":143,"column":8},"end":{"line":147,"column":11},"skip":true},"46":{"start":{"line":144,"column":12},"end":{"line":146,"column":15},"skip":true},"47":{"start":{"line":145,"column":16},"end":{"line":145,"column":70},"skip":true},"48":{"start":{"line":149,"column":8},"end":{"line":149,"column":31},"skip":true},"49":{"start":{"line":150,"column":8},"end":{"line":150,"column":14},"skip":true},"50":{"start":{"line":158,"column":8},"end":{"line":158,"column":31},"skip":true},"51":{"start":{"line":160,"column":8},"end":{"line":160,"column":33},"skip":true},"52":{"start":{"line":161,"column":8},"end":{"line":161,"column":37},"skip":true},"53":{"start":{"line":162,"column":8},"end":{"line":162,"column":35},"skip":true},"54":{"start":{"line":164,"column":8},"end":{"line":164,"column":50},"skip":true},"55":{"start":{"line":166,"column":8},"end":{"line":256,"column":2},"skip":true},"56":{"start":{"line":258,"column":8},"end":{"line":286,"column":9},"skip":true},"57":{"start":{"line":259,"column":12},"end":{"line":269,"column":14},"skip":true},"58":{"start":{"line":271,"column":12},"end":{"line":285,"column":19},"skip":true},"59":{"start":{"line":274,"column":20},"end":{"line":274,"column":35},"skip":true},"60":{"start":{"line":275,"column":20},"end":{"line":284,"column":21},"skip":true},"61":{"start":{"line":277,"column":24},"end":{"line":277,"column":64},"skip":true},"62":{"start":{"line":279,"column":24},"end":{"line":279,"column":40},"skip":true},"63":{"start":{"line":281,"column":24},"end":{"line":281,"column":40},"skip":true},"64":{"start":{"line":283,"column":24},"end":{"line":283,"column":39},"skip":true},"65":{"start":{"line":288,"column":8},"end":{"line":290,"column":9},"skip":true},"66":{"start":{"line":289,"column":12},"end":{"line":289,"column":18},"skip":true},"67":{"start":{"line":291,"column":8},"end":{"line":293,"column":54},"skip":true},"68":{"start":{"line":296,"column":8},"end":{"line":301,"column":37},"skip":true},"69":{"start":{"line":303,"column":8},"end":{"line":303,"column":82},"skip":true},"70":{"start":{"line":306,"column":8},"end":{"line":308,"column":9},"skip":true},"71":{"start":{"line":307,"column":12},"end":{"line":307,"column":82},"skip":true},"72":{"start":{"line":310,"column":8},"end":{"line":312,"column":9},"skip":true},"73":{"start":{"line":311,"column":12},"end":{"line":311,"column":18},"skip":true},"74":{"start":{"line":313,"column":8},"end":{"line":313,"column":54},"skip":true},"75":{"start":{"line":314,"column":8},"end":{"line":314,"column":69},"skip":true},"76":{"start":{"line":315,"column":8},"end":{"line":323,"column":36},"skip":true},"77":{"start":{"line":316,"column":12},"end":{"line":316,"column":61},"skip":true},"78":{"start":{"line":317,"column":12},"end":{"line":320,"column":13},"skip":true},"79":{"start":{"line":318,"column":16},"end":{"line":318,"column":75},"skip":true},"80":{"start":{"line":319,"column":16},"end":{"line":319,"column":23},"skip":true},"81":{"start":{"line":321,"column":12},"end":{"line":321,"column":38},"skip":true},"82":{"start":{"line":322,"column":12},"end":{"line":322,"column":27},"skip":true},"83":{"start":{"line":324,"column":8},"end":{"line":324,"column":14},"skip":true}},"branchMap":{"1":{"line":39,"type":"binary-expr","locations":[{"start":{"line":39,"column":23},"end":{"line":39,"column":62}},{"start":{"line":40,"column":20},"end":{"line":40,"column":70}},{"start":{"line":41,"column":20},"end":{"line":41,"column":71}},{"start":{"line":42,"column":20},"end":{"line":42,"column":29}}]},"2":{"line":44,"type":"binary-expr","locations":[{"start":{"line":44,"column":23},"end":{"line":44,"column":37}},{"start":{"line":45,"column":20},"end":{"line":45,"column":61}},{"start":{"line":46,"column":20},"end":{"line":46,"column":70}},{"start":{"line":47,"column":20},"end":{"line":47,"column":26}}]},"3":{"line":51,"type":"cond-expr","locations":[{"start":{"line":52,"column":14},"end":{"line":52,"column":20}},{"start":{"line":53,"column":14},"end":{"line":53,"column":20}}]},"4":{"line":55,"type":"binary-expr","locations":[{"start":{"line":55,"column":16},"end":{"line":55,"column":44}},{"start":{"line":55,"column":49},"end":{"line":57,"column":43}}]},"5":{"line":55,"type":"cond-expr","locations":[{"start":{"line":56,"column":14},"end":{"line":56,"column":54}},{"start":{"line":57,"column":14},"end":{"line":57,"column":43}}]},"6":{"line":61,"type":"switch","locations":[{"start":{"line":68,"column":4},"end":{"line":150,"column":14},"skip":true},{"start":{"line":156,"column":4},"end":{"line":324,"column":14},"skip":true}]},"7":{"line":70,"type":"if","locations":[{"start":{"line":70,"column":12},"end":{"line":70,"column":12},"skip":true},{"start":{"line":70,"column":12},"end":{"line":70,"column":12},"skip":true}]},"8":{"line":70,"type":"binary-expr","locations":[{"start":{"line":70,"column":16},"end":{"line":70,"column":22},"skip":true},{"start":{"line":70,"column":27},"end":{"line":70,"column":32},"skip":true},{"start":{"line":71,"column":20},"end":{"line":71,"column":39},"skip":true},{"start":{"line":72,"column":20},"end":{"line":72,"column":49},"skip":true},{"start":{"line":73,"column":20},"end":{"line":73,"column":58},"skip":true},{"start":{"line":74,"column":20},"end":{"line":74,"column":69},"skip":true}]},"9":{"line":79,"type":"switch","locations":[{"start":{"line":80,"column":20},"end":{"line":80,"column":33},"skip":true},{"start":{"line":81,"column":20},"end":{"line":83,"column":30},"skip":true},{"start":{"line":84,"column":20},"end":{"line":85,"column":49},"skip":true}]},"10":{"line":89,"type":"switch","locations":[{"start":{"line":90,"column":12},"end":{"line":103,"column":22},"skip":true},{"start":{"line":105,"column":12},"end":{"line":106,"column":22},"skip":true}]},"11":{"line":89,"type":"binary-expr","locations":[{"start":{"line":89,"column":20},"end":{"line":89,"column":25},"skip":true},{"start":{"line":89,"column":29},"end":{"line":89,"column":48},"skip":true},{"start":{"line":89,"column":52},"end":{"line":89,"column":74},"skip":true}]},"12":{"line":92,"type":"if","locations":[{"start":{"line":92,"column":16},"end":{"line":92,"column":16},"skip":true},{"start":{"line":92,"column":16},"end":{"line":92,"column":16},"skip":true}]},"13":{"line":108,"type":"if","locations":[{"start":{"line":108,"column":12},"end":{"line":108,"column":12},"skip":true},{"start":{"line":108,"column":12},"end":{"line":108,"column":12},"skip":true}]},"14":{"line":108,"type":"binary-expr","locations":[{"start":{"line":108,"column":16},"end":{"line":108,"column":61},"skip":true},{"start":{"line":108,"column":66},"end":{"line":108,"column":72},"skip":true},{"start":{"line":108,"column":77},"end":{"line":108,"column":82},"skip":true},{"start":{"line":109,"column":20},"end":{"line":109,"column":39},"skip":true},{"start":{"line":110,"column":20},"end":{"line":110,"column":49},"skip":true},{"start":{"line":111,"column":20},"end":{"line":111,"column":58},"skip":true},{"start":{"line":112,"column":20},"end":{"line":112,"column":68},"skip":true}]},"15":{"line":129,"type":"if","locations":[{"start":{"line":129,"column":16},"end":{"line":129,"column":16},"skip":true},{"start":{"line":129,"column":16},"end":{"line":129,"column":16},"skip":true}]},"16":{"line":134,"type":"cond-expr","locations":[{"start":{"line":135,"column":26},"end":{"line":135,"column":29},"skip":true},{"start":{"line":136,"column":26},"end":{"line":136,"column":54},"skip":true}]},"17":{"line":164,"type":"binary-expr","locations":[{"start":{"line":164,"column":27},"end":{"line":164,"column":43},"skip":true},{"start":{"line":164,"column":47},"end":{"line":164,"column":49},"skip":true}]},"18":{"line":258,"type":"if","locations":[{"start":{"line":258,"column":8},"end":{"line":258,"column":8},"skip":true},{"start":{"line":258,"column":8},"end":{"line":258,"column":8},"skip":true}]},"19":{"line":275,"type":"switch","locations":[{"start":{"line":276,"column":20},"end":{"line":277,"column":64},"skip":true},{"start":{"line":278,"column":20},"end":{"line":279,"column":40},"skip":true},{"start":{"line":280,"column":20},"end":{"line":281,"column":40},"skip":true},{"start":{"line":282,"column":20},"end":{"line":283,"column":39},"skip":true}]},"20":{"line":288,"type":"if","locations":[{"start":{"line":288,"column":8},"end":{"line":288,"column":8},"skip":true},{"start":{"line":288,"column":8},"end":{"line":288,"column":8},"skip":true}]},"21":{"line":288,"type":"binary-expr","locations":[{"start":{"line":288,"column":12},"end":{"line":288,"column":40},"skip":true},{"start":{"line":288,"column":44},"end":{"line":288,"column":67},"skip":true}]},"22":{"line":292,"type":"binary-expr","locations":[{"start":{"line":292,"column":12},"end":{"line":292,"column":50},"skip":true},{"start":{"line":293,"column":12},"end":{"line":293,"column":53},"skip":true}]},"23":{"line":297,"type":"binary-expr","locations":[{"start":{"line":297,"column":12},"end":{"line":297,"column":68},"skip":true},{"start":{"line":298,"column":12},"end":{"line":301,"column":36},"skip":true}]},"24":{"line":303,"type":"binary-expr","locations":[{"start":{"line":303,"column":43},"end":{"line":303,"column":75},"skip":true},{"start":{"line":303,"column":79},"end":{"line":303,"column":81},"skip":true}]},"25":{"line":306,"type":"if","locations":[{"start":{"line":306,"column":8},"end":{"line":306,"column":8},"skip":true},{"start":{"line":306,"column":8},"end":{"line":306,"column":8},"skip":true}]},"26":{"line":310,"type":"if","locations":[{"start":{"line":310,"column":8},"end":{"line":310,"column":8},"skip":true},{"start":{"line":310,"column":8},"end":{"line":310,"column":8},"skip":true}]},"27":{"line":313,"type":"binary-expr","locations":[{"start":{"line":313,"column":27},"end":{"line":313,"column":43},"skip":true},{"start":{"line":313,"column":47},"end":{"line":313,"column":53},"skip":true}]},"28":{"line":317,"type":"if","locations":[{"start":{"line":317,"column":12},"end":{"line":317,"column":12},"skip":true},{"start":{"line":317,"column":12},"end":{"line":317,"column":12},"skip":true}]}},"code":["/*","example.js","","quickstart example","","instruction","    1. save this script as example.js","    2. run the shell command:","        $ npm install npmtest-testdouble && PORT=8081 node example.js","    3. play with the browser-demo on http://127.0.0.1:8081","*/","","","","/* istanbul instrument in package npmtest_testdouble */","/*jslint","    bitwise: true,","    browser: true,","    maxerr: 8,","    maxlen: 96,","    node: true,","    nomen: true,","    regexp: true,","    stupid: true","*/","(function () {","    'use strict';","    var local;","","","","    // run shared js-env code - init-before","    (function () {","        // init local","        local = {};","        // init modeJs","        local.modeJs = (function () {","            try {","                return typeof navigator.userAgent === 'string' &&","                    typeof document.querySelector('body') === 'object' &&","                    typeof XMLHttpRequest.prototype.open === 'function' &&","                    'browser';","            } catch (errorCaughtBrowser) {","                return module.exports &&","                    typeof process.versions.node === 'string' &&","                    typeof require('http').createServer === 'function' &&","                    'node';","            }","        }());","        // init global","        local.global = local.modeJs === 'browser'","            ? window","            : global;","        // init utility2_rollup","        local = local.global.utility2_rollup || (local.modeJs === 'browser'","            ? local.global.utility2_npmtest_testdouble","            : global.utility2_moduleExports);","        // export local","        local.global.local = local;","    }());","    switch (local.modeJs) {","","","","    // init-after","    // run browser js-env code - init-after","    /* istanbul ignore next */","    case 'browser':","        local.testRunBrowser = function (event) {","            if (!event || (event &&","                    event.currentTarget &&","                    event.currentTarget.className &&","                    event.currentTarget.className.includes &&","                    event.currentTarget.className.includes('onreset'))) {","                // reset output","                Array.from(","                    document.querySelectorAll('body > .resettable')","                ).forEach(function (element) {","                    switch (element.tagName) {","                    case 'INPUT':","                    case 'TEXTAREA':","                        element.value = '';","                        break;","                    default:","                        element.textContent = '';","                    }","                });","            }","            switch (event && event.currentTarget && event.currentTarget.id) {","            case 'testRunButton1':","                // show tests","                if (document.querySelector('#testReportDiv1').style.display === 'none') {","                    document.querySelector('#testReportDiv1').style.display = 'block';","                    document.querySelector('#testRunButton1').textContent =","                        'hide internal test';","                    local.modeTest = true;","                    local.testRunDefault(local);","                // hide tests","                } else {","                    document.querySelector('#testReportDiv1').style.display = 'none';","                    document.querySelector('#testRunButton1').textContent = 'run internal test';","                }","                break;","            // custom-case","            default:","                break;","            }","            if (document.querySelector('#inputTextareaEval1') && (!event || (event &&","                    event.currentTarget &&","                    event.currentTarget.className &&","                    event.currentTarget.className.includes &&","                    event.currentTarget.className.includes('oneval')))) {","                // try to eval input-code","                try {","                    /*jslint evil: true*/","                    eval(document.querySelector('#inputTextareaEval1').value);","                } catch (errorCaught) {","                    console.error(errorCaught);","                }","            }","        };","        // log stderr and stdout to #outputTextareaStdout1","        ['error', 'log'].forEach(function (key) {","            console[key + '_original'] = console[key];","            console[key] = function () {","                var element;","                console[key + '_original'].apply(console, arguments);","                element = document.querySelector('#outputTextareaStdout1');","                if (!element) {","                    return;","                }","                // append text to #outputTextareaStdout1","                element.value += Array.from(arguments).map(function (arg) {","                    return typeof arg === 'string'","                        ? arg","                        : JSON.stringify(arg, null, 4);","                }).join(' ') + '\\n';","                // scroll textarea to bottom","                element.scrollTop = element.scrollHeight;","            };","        });","        // init event-handling","        ['change', 'click', 'keyup'].forEach(function (event) {","            Array.from(document.querySelectorAll('.on' + event)).forEach(function (element) {","                element.addEventListener(event, local.testRunBrowser);","            });","        });","        // run tests","        local.testRunBrowser();","        break;","","","","    // run node js-env code - init-after","    /* istanbul ignore next */","    case 'node':","        // export local","        module.exports = local;","        // require modules","        local.fs = require('fs');","        local.http = require('http');","        local.url = require('url');","        // init assets","        local.assetsDict = local.assetsDict || {};","        /* jslint-ignore-begin */","        local.assetsDict['/assets.index.template.html'] = '\\","<!doctype html>\\n\\","<html lang=\"en\">\\n\\","<head>\\n\\","<meta charset=\"UTF-8\">\\n\\","<meta name=\"viewport\" content=\"width=device-width, initial-scale=1\">\\n\\","<title>{{env.npm_package_name}} (v{{env.npm_package_version}})</title>\\n\\","<style>\\n\\","/*csslint\\n\\","    box-sizing: false,\\n\\","    universal-selector: false\\n\\","*/\\n\\","* {\\n\\","    box-sizing: border-box;\\n\\","}\\n\\","body {\\n\\","    background: #dde;\\n\\","    font-family: Arial, Helvetica, sans-serif;\\n\\","    margin: 2rem;\\n\\","}\\n\\","body > * {\\n\\","    margin-bottom: 1rem;\\n\\","}\\n\\",".utility2FooterDiv {\\n\\","    margin-top: 20px;\\n\\","    text-align: center;\\n\\","}\\n\\","</style>\\n\\","<style>\\n\\","/*csslint\\n\\","*/\\n\\","textarea {\\n\\","    font-family: monospace;\\n\\","    height: 10rem;\\n\\","    width: 100%;\\n\\","}\\n\\","textarea[readonly] {\\n\\","    background: #ddd;\\n\\","}\\n\\","</style>\\n\\","</head>\\n\\","<body>\\n\\","<!-- utility2-comment\\n\\","<div id=\"ajaxProgressDiv1\" style=\"background: #d00; height: 2px; left: 0; margin: 0; padding: 0; position: fixed; top: 0; transition: background 0.5s, width 1.5s; width: 25%;\"></div>\\n\\","utility2-comment -->\\n\\","<h1>\\n\\","<!-- utility2-comment\\n\\","    <a\\n\\","        {{#if env.npm_package_homepage}}\\n\\","        href=\"{{env.npm_package_homepage}}\"\\n\\","        {{/if env.npm_package_homepage}}\\n\\","        target=\"_blank\"\\n\\","    >\\n\\","utility2-comment -->\\n\\","        {{env.npm_package_name}} (v{{env.npm_package_version}})\\n\\","<!-- utility2-comment\\n\\","    </a>\\n\\","utility2-comment -->\\n\\","</h1>\\n\\","<h3>{{env.npm_package_description}}</h3>\\n\\","<!-- utility2-comment\\n\\","<h4><a download href=\"assets.app.js\">download standalone app</a></h4>\\n\\","<button class=\"onclick onreset\" id=\"testRunButton1\">run internal test</button><br>\\n\\","<div id=\"testReportDiv1\" style=\"display: none;\"></div>\\n\\","utility2-comment -->\\n\\","\\n\\","\\n\\","\\n\\","<label>stderr and stdout</label>\\n\\","<textarea class=\"resettable\" id=\"outputTextareaStdout1\" readonly></textarea>\\n\\","<!-- utility2-comment\\n\\","{{#if isRollup}}\\n\\","<script src=\"assets.app.js\"></script>\\n\\","{{#unless isRollup}}\\n\\","utility2-comment -->\\n\\","<script src=\"assets.utility2.rollup.js\"></script>\\n\\","<script src=\"jsonp.utility2._stateInit?callback=window.utility2._stateInit\"></script>\\n\\","<script src=\"assets.npmtest_testdouble.rollup.js\"></script>\\n\\","<script src=\"assets.example.js\"></script>\\n\\","<script src=\"assets.test.js\"></script>\\n\\","<!-- utility2-comment\\n\\","{{/if isRollup}}\\n\\","utility2-comment -->\\n\\","<div class=\"utility2FooterDiv\">\\n\\","    [ this app was created with\\n\\","    <a href=\"https://github.com/kaizhu256/node-utility2\" target=\"_blank\">utility2</a>\\n\\","    ]\\n\\","</div>\\n\\","</body>\\n\\","</html>\\n\\","';","        /* jslint-ignore-end */","        if (local.templateRender) {","            local.assetsDict['/'] = local.templateRender(","                local.assetsDict['/assets.index.template.html'],","                {","                    env: local.objectSetDefault(local.env, {","                        npm_package_description: 'the greatest app in the world!',","                        npm_package_name: 'my-app',","                        npm_package_nameAlias: 'my_app',","                        npm_package_version: '0.0.1'","                    })","                }","            );","        } else {","            local.assetsDict['/'] = local.assetsDict['/assets.index.template.html']","                .replace((/\\{\\{env\\.(\\w+?)\\}\\}/g), function (match0, match1) {","                    // jslint-hack","                    String(match0);","                    switch (match1) {","                    case 'npm_package_description':","                        return 'the greatest app in the world!';","                    case 'npm_package_name':","                        return 'my-app';","                    case 'npm_package_nameAlias':","                        return 'my_app';","                    case 'npm_package_version':","                        return '0.0.1';","                    }","                });","        }","        // run the cli","        if (local.global.utility2_rollup || module !== require.main) {","            break;","        }","        local.assetsDict['/assets.example.js'] =","            local.assetsDict['/assets.example.js'] ||","            local.fs.readFileSync(__filename, 'utf8');","        // bug-workaround - long $npm_package_buildCustomOrg","        /* jslint-ignore-begin */","        local.assetsDict['/assets.npmtest_testdouble.rollup.js'] =","            local.assetsDict['/assets.npmtest_testdouble.rollup.js'] ||","            local.fs.readFileSync(","                local.npmtest_testdouble.__dirname + '/lib.npmtest_testdouble.js',","                'utf8'","            ).replace((/^#!/), '//');","        /* jslint-ignore-end */","        local.assetsDict['/favicon.ico'] = local.assetsDict['/favicon.ico'] || '';","        // if $npm_config_timeout_exit exists,","        // then exit this process after $npm_config_timeout_exit ms","        if (Number(process.env.npm_config_timeout_exit)) {","            setTimeout(process.exit, Number(process.env.npm_config_timeout_exit));","        }","        // start server","        if (local.global.utility2_serverHttp1) {","            break;","        }","        process.env.PORT = process.env.PORT || '8081';","        console.error('server starting on port ' + process.env.PORT);","        local.http.createServer(function (request, response) {","            request.urlParsed = local.url.parse(request.url);","            if (local.assetsDict[request.urlParsed.pathname] !== undefined) {","                response.end(local.assetsDict[request.urlParsed.pathname]);","                return;","            }","            response.statusCode = 404;","            response.end();","        }).listen(process.env.PORT);","        break;","    }","}());",""],"l":{"26":2,"28":2,"33":2,"35":2,"37":2,"38":2,"39":2,"44":1,"51":2,"55":2,"59":2,"61":2,"69":1,"70":2,"76":2,"79":2,"82":2,"83":2,"85":1,"89":2,"92":1,"93":1,"94":1,"96":1,"97":1,"100":1,"101":1,"103":1,"106":1,"108":2,"114":1,"116":1,"118":1,"123":1,"124":2,"125":2,"126":3,"127":3,"128":3,"129":3,"130":1,"133":3,"134":3,"139":3,"143":1,"144":3,"145":1,"149":1,"150":1,"158":1,"160":1,"161":1,"162":1,"164":1,"166":1,"258":1,"259":1,"271":1,"274":6,"275":6,"277":1,"279":2,"281":1,"283":2,"288":1,"289":1,"291":1,"296":1,"303":1,"306":1,"307":1,"310":1,"311":1,"313":1,"314":1,"315":1,"316":1,"317":1,"318":1,"319":1,"321":1,"322":1,"324":1}},"/home/travis/build/npmtest/node-npmtest-testdouble/node_modules/testdouble/lib/testdouble.js":{"path":"/home/travis/build/npmtest/node-npmtest-testdouble/node_modules/testdouble/lib/testdouble.js","s":{"1":1,"2":1,"3":1,"4":1,"5":1,"6":1,"7":1,"8":1,"9":1,"10":1,"11":1,"12":1,"13":1,"14":1,"15":1,"16":1,"17":1,"18":1,"19":1,"20":1,"21":1,"22":1,"23":1,"24":1,"25":1,"26":12,"27":1},"b":{"1":[12,0],"2":[12,12]},"f":{"1":12},"fnMap":{"1":{"name":"_interopRequireDefault","line":51,"loc":{"start":{"line":51,"column":0},"end":{"line":51,"column":37}}}},"statementMap":{"1":{"start":{"line":3,"column":0},"end":{"line":3,"column":47}},"2":{"start":{"line":5,"column":0},"end":{"line":5,"column":51}},"3":{"start":{"line":7,"column":0},"end":{"line":7,"column":34}},"4":{"start":{"line":9,"column":0},"end":{"line":9,"column":47}},"5":{"start":{"line":11,"column":0},"end":{"line":11,"column":44}},"6":{"start":{"line":13,"column":0},"end":{"line":13,"column":57}},"7":{"start":{"line":15,"column":0},"end":{"line":15,"column":36}},"8":{"start":{"line":17,"column":0},"end":{"line":17,"column":49}},"9":{"start":{"line":19,"column":0},"end":{"line":19,"column":38}},"10":{"start":{"line":21,"column":0},"end":{"line":21,"column":51}},"11":{"start":{"line":23,"column":0},"end":{"line":23,"column":34}},"12":{"start":{"line":25,"column":0},"end":{"line":25,"column":47}},"13":{"start":{"line":27,"column":0},"end":{"line":27,"column":36}},"14":{"start":{"line":29,"column":0},"end":{"line":29,"column":49}},"15":{"start":{"line":31,"column":0},"end":{"line":31,"column":32}},"16":{"start":{"line":33,"column":0},"end":{"line":33,"column":45}},"17":{"start":{"line":35,"column":0},"end":{"line":35,"column":38}},"18":{"start":{"line":37,"column":0},"end":{"line":37,"column":51}},"19":{"start":{"line":39,"column":0},"end":{"line":39,"column":34}},"20":{"start":{"line":41,"column":0},"end":{"line":41,"column":47}},"21":{"start":{"line":43,"column":0},"end":{"line":43,"column":36}},"22":{"start":{"line":45,"column":0},"end":{"line":45,"column":49}},"23":{"start":{"line":47,"column":0},"end":{"line":47,"column":30}},"24":{"start":{"line":49,"column":0},"end":{"line":49,"column":43}},"25":{"start":{"line":51,"column":0},"end":{"line":51,"column":95}},"26":{"start":{"line":51,"column":39},"end":{"line":51,"column":93}},"27":{"start":{"line":53,"column":0},"end":{"line":67,"column":2}}},"branchMap":{"1":{"line":51,"type":"cond-expr","locations":[{"start":{"line":51,"column":70},"end":{"line":51,"column":73}},{"start":{"line":51,"column":76},"end":{"line":51,"column":92}}]},"2":{"line":51,"type":"binary-expr","locations":[{"start":{"line":51,"column":46},"end":{"line":51,"column":49}},{"start":{"line":51,"column":53},"end":{"line":51,"column":67}}]}},"code":["'use strict';","","var _callback = require('./matchers/callback');","","var _callback2 = _interopRequireDefault(_callback);","","var _config = require('./config');","","var _config2 = _interopRequireDefault(_config);","","var _constructor = require('./constructor');","","var _constructor2 = _interopRequireDefault(_constructor);","","var _explain = require('./explain');","","var _explain2 = _interopRequireDefault(_explain);","","var _matchers = require('./matchers');","","var _matchers2 = _interopRequireDefault(_matchers);","","var _object = require('./object');","","var _object2 = _interopRequireDefault(_object);","","var _replace = require('./replace');","","var _replace2 = _interopRequireDefault(_replace);","","var _reset = require('./reset');","","var _reset2 = _interopRequireDefault(_reset);","","var _function = require('./function');","","var _function2 = _interopRequireDefault(_function);","","var _verify = require('./verify');","","var _verify2 = _interopRequireDefault(_verify);","","var _version = require('./version');","","var _version2 = _interopRequireDefault(_version);","","var _when = require('./when');","","var _when2 = _interopRequireDefault(_when);","","function _interopRequireDefault(obj) { return obj && obj.__esModule ? obj : { default: obj }; }","","module.exports = {","  function: _function2.default,","  func: _function2.default,","  object: _object2.default,","  constructor: _constructor2.default,","  when: _when2.default,","  verify: _verify2.default,","  matchers: _matchers2.default,","  replace: _replace2.default,","  explain: _explain2.default,","  reset: _reset2.default,","  config: _config2.default,","  callback: _callback2.default,","  version: _version2.default","};"],"l":{"3":1,"5":1,"7":1,"9":1,"11":1,"13":1,"15":1,"17":1,"19":1,"21":1,"23":1,"25":1,"27":1,"29":1,"31":1,"33":1,"35":1,"37":1,"39":1,"41":1,"43":1,"45":1,"47":1,"49":1,"51":12,"53":1}},"/home/travis/build/npmtest/node-npmtest-testdouble/node_modules/testdouble/lib/matchers/callback.js":{"path":"/home/travis/build/npmtest/node-npmtest-testdouble/node_modules/testdouble/lib/matchers/callback.js","s":{"1":1,"2":1,"3":1,"4":1,"5":1,"6":1,"7":2,"8":1,"9":0,"10":0,"11":0,"12":1,"13":1,"14":1,"15":0},"b":{"1":[2,0],"2":[2,2],"3":[0,0,0]},"f":{"1":2,"2":0,"3":0,"4":1,"5":0},"fnMap":{"1":{"name":"_interopRequireDefault","line":15,"loc":{"start":{"line":15,"column":0},"end":{"line":15,"column":37}}},"2":{"name":"matches","line":19,"loc":{"start":{"line":19,"column":11},"end":{"line":19,"column":49}}},"3":{"name":"onCreate","line":22,"loc":{"start":{"line":22,"column":12},"end":{"line":22,"column":60}}},"4":{"name":"(anonymous_4)","line":26,"loc":{"start":{"line":26,"column":4},"end":{"line":26,"column":24}}},"5":{"name":"(anonymous_5)","line":31,"loc":{"start":{"line":31,"column":24},"end":{"line":31,"column":39}}}},"statementMap":{"1":{"start":{"line":3,"column":0},"end":{"line":5,"column":3}},"2":{"start":{"line":7,"column":0},"end":{"line":7,"column":49}},"3":{"start":{"line":9,"column":0},"end":{"line":9,"column":55}},"4":{"start":{"line":11,"column":0},"end":{"line":11,"column":34}},"5":{"start":{"line":13,"column":0},"end":{"line":13,"column":47}},"6":{"start":{"line":15,"column":0},"end":{"line":15,"column":95}},"7":{"start":{"line":15,"column":39},"end":{"line":15,"column":93}},"8":{"start":{"line":17,"column":0},"end":{"line":34,"column":3}},"9":{"start":{"line":20,"column":4},"end":{"line":20,"column":51}},"10":{"start":{"line":23,"column":4},"end":{"line":23,"column":39}},"11":{"start":{"line":24,"column":4},"end":{"line":24,"column":49}},"12":{"start":{"line":28,"column":2},"end":{"line":28,"column":31}},"13":{"start":{"line":29,"column":2},"end":{"line":29,"column":55}},"14":{"start":{"line":31,"column":2},"end":{"line":33,"column":4}},"15":{"start":{"line":32,"column":4},"end":{"line":32,"column":75}}},"branchMap":{"1":{"line":15,"type":"cond-expr","locations":[{"start":{"line":15,"column":70},"end":{"line":15,"column":73}},{"start":{"line":15,"column":76},"end":{"line":15,"column":92}}]},"2":{"line":15,"type":"binary-expr","locations":[{"start":{"line":15,"column":46},"end":{"line":15,"column":49}},{"start":{"line":15,"column":53},"end":{"line":15,"column":67}}]},"3":{"line":32,"type":"binary-expr","locations":[{"start":{"line":32,"column":11},"end":{"line":32,"column":14}},{"start":{"line":32,"column":19},"end":{"line":32,"column":35}},{"start":{"line":32,"column":39},"end":{"line":32,"column":73}}]}},"code":["'use strict';","","Object.defineProperty(exports, \"__esModule\", {","  value: true","});","","var _lodashWrap = require('../util/lodash-wrap');","","var _lodashWrap2 = _interopRequireDefault(_lodashWrap);","","var _create = require('./create');","","var _create2 = _interopRequireDefault(_create);","","function _interopRequireDefault(obj) { return obj && obj.__esModule ? obj : { default: obj }; }","","exports.default = _lodashWrap2.default.tap((0, _create2.default)({","  name: 'callback',","  matches: function matches(matcherArgs, actual) {","    return _lodashWrap2.default.isFunction(actual);","  },","  onCreate: function onCreate(matcherInstance, matcherArgs) {","    matcherInstance.args = matcherArgs;","    matcherInstance.__testdouble_callback = true;","  }","}), function (callback) {","  // Make callback itself quack like a matcher for its non-invoked use case.","  callback.__name = 'callback';","  callback.__matches = _lodashWrap2.default.isFunction;","","  callback.isCallback = function (obj) {","    return obj && (obj === callback || obj.__testdouble_callback === true);","  };","});"],"l":{"3":1,"7":1,"9":1,"11":1,"13":1,"15":2,"17":1,"20":0,"23":0,"24":0,"28":1,"29":1,"31":1,"32":0}},"/home/travis/build/npmtest/node-npmtest-testdouble/node_modules/testdouble/lib/util/lodash-wrap.js":{"path":"/home/travis/build/npmtest/node-npmtest-testdouble/node_modules/testdouble/lib/util/lodash-wrap.js","s":{"1":1,"2":1,"3":1,"4":1,"5":1,"6":1,"7":1,"8":1,"9":1,"10":1,"11":1,"12":1,"13":1,"14":1,"15":1,"16":1,"17":1,"18":1,"19":1,"20":1,"21":1,"22":1,"23":1,"24":1,"25":1,"26":1,"27":1,"28":1,"29":1,"30":1,"31":1,"32":1,"33":1,"34":1,"35":1,"36":1,"37":1,"38":1,"39":1,"40":1,"41":1,"42":1,"43":1,"44":1,"45":1,"46":1,"47":1,"48":1,"49":1,"50":1,"51":1,"52":1,"53":1,"54":1,"55":1,"56":1,"57":1,"58":1,"59":1,"60":1,"61":1,"62":1,"63":1,"64":1,"65":1,"66":1,"67":1,"68":1,"69":1,"70":1,"71":1,"72":1,"73":1,"74":1,"75":1,"76":1,"77":37,"78":1},"b":{"1":[0,37],"2":[37,37]},"f":{"1":37},"fnMap":{"1":{"name":"_interopRequireDefault","line":155,"loc":{"start":{"line":155,"column":0},"end":{"line":155,"column":37}}}},"statementMap":{"1":{"start":{"line":3,"column":0},"end":{"line":5,"column":3}},"2":{"start":{"line":7,"column":0},"end":{"line":7,"column":39}},"3":{"start":{"line":9,"column":0},"end":{"line":9,"column":47}},"4":{"start":{"line":11,"column":0},"end":{"line":11,"column":47}},"5":{"start":{"line":13,"column":0},"end":{"line":13,"column":55}},"6":{"start":{"line":15,"column":0},"end":{"line":15,"column":37}},"7":{"start":{"line":17,"column":0},"end":{"line":17,"column":45}},"8":{"start":{"line":19,"column":0},"end":{"line":19,"column":37}},"9":{"start":{"line":21,"column":0},"end":{"line":21,"column":45}},"10":{"start":{"line":23,"column":0},"end":{"line":23,"column":37}},"11":{"start":{"line":25,"column":0},"end":{"line":25,"column":45}},"12":{"start":{"line":27,"column":0},"end":{"line":27,"column":35}},"13":{"start":{"line":29,"column":0},"end":{"line":29,"column":43}},"14":{"start":{"line":31,"column":0},"end":{"line":31,"column":37}},"15":{"start":{"line":33,"column":0},"end":{"line":33,"column":45}},"16":{"start":{"line":35,"column":0},"end":{"line":35,"column":39}},"17":{"start":{"line":37,"column":0},"end":{"line":37,"column":47}},"18":{"start":{"line":39,"column":0},"end":{"line":39,"column":39}},"19":{"start":{"line":41,"column":0},"end":{"line":41,"column":47}},"20":{"start":{"line":43,"column":0},"end":{"line":43,"column":35}},"21":{"start":{"line":45,"column":0},"end":{"line":45,"column":43}},"22":{"start":{"line":47,"column":0},"end":{"line":47,"column":43}},"23":{"start":{"line":49,"column":0},"end":{"line":49,"column":51}},"24":{"start":{"line":51,"column":0},"end":{"line":51,"column":41}},"25":{"start":{"line":53,"column":0},"end":{"line":53,"column":49}},"26":{"start":{"line":55,"column":0},"end":{"line":55,"column":45}},"27":{"start":{"line":57,"column":0},"end":{"line":57,"column":53}},"28":{"start":{"line":59,"column":0},"end":{"line":59,"column":33}},"29":{"start":{"line":61,"column":0},"end":{"line":61,"column":41}},"30":{"start":{"line":63,"column":0},"end":{"line":63,"column":41}},"31":{"start":{"line":65,"column":0},"end":{"line":65,"column":49}},"32":{"start":{"line":67,"column":0},"end":{"line":67,"column":43}},"33":{"start":{"line":69,"column":0},"end":{"line":69,"column":51}},"34":{"start":{"line":71,"column":0},"end":{"line":71,"column":39}},"35":{"start":{"line":73,"column":0},"end":{"line":73,"column":47}},"36":{"start":{"line":75,"column":0},"end":{"line":75,"column":41}},"37":{"start":{"line":77,"column":0},"end":{"line":77,"column":49}},"38":{"start":{"line":79,"column":0},"end":{"line":79,"column":45}},"39":{"start":{"line":81,"column":0},"end":{"line":81,"column":53}},"40":{"start":{"line":83,"column":0},"end":{"line":83,"column":41}},"41":{"start":{"line":85,"column":0},"end":{"line":85,"column":49}},"42":{"start":{"line":87,"column":0},"end":{"line":87,"column":49}},"43":{"start":{"line":89,"column":0},"end":{"line":89,"column":57}},"44":{"start":{"line":91,"column":0},"end":{"line":91,"column":47}},"45":{"start":{"line":93,"column":0},"end":{"line":93,"column":55}},"46":{"start":{"line":95,"column":0},"end":{"line":95,"column":43}},"47":{"start":{"line":97,"column":0},"end":{"line":97,"column":51}},"48":{"start":{"line":99,"column":0},"end":{"line":99,"column":53}},"49":{"start":{"line":101,"column":0},"end":{"line":101,"column":61}},"50":{"start":{"line":103,"column":0},"end":{"line":103,"column":43}},"51":{"start":{"line":105,"column":0},"end":{"line":105,"column":51}},"52":{"start":{"line":107,"column":0},"end":{"line":107,"column":43}},"53":{"start":{"line":109,"column":0},"end":{"line":109,"column":51}},"54":{"start":{"line":111,"column":0},"end":{"line":111,"column":35}},"55":{"start":{"line":113,"column":0},"end":{"line":113,"column":43}},"56":{"start":{"line":115,"column":0},"end":{"line":115,"column":35}},"57":{"start":{"line":117,"column":0},"end":{"line":117,"column":43}},"58":{"start":{"line":119,"column":0},"end":{"line":119,"column":33}},"59":{"start":{"line":121,"column":0},"end":{"line":121,"column":41}},"60":{"start":{"line":123,"column":0},"end":{"line":123,"column":39}},"61":{"start":{"line":125,"column":0},"end":{"line":125,"column":47}},"62":{"start":{"line":127,"column":0},"end":{"line":127,"column":39}},"63":{"start":{"line":129,"column":0},"end":{"line":129,"column":47}},"64":{"start":{"line":131,"column":0},"end":{"line":131,"column":35}},"65":{"start":{"line":133,"column":0},"end":{"line":133,"column":43}},"66":{"start":{"line":135,"column":0},"end":{"line":135,"column":33}},"67":{"start":{"line":137,"column":0},"end":{"line":137,"column":41}},"68":{"start":{"line":139,"column":0},"end":{"line":139,"column":45}},"69":{"start":{"line":141,"column":0},"end":{"line":141,"column":53}},"70":{"start":{"line":143,"column":0},"end":{"line":143,"column":37}},"71":{"start":{"line":145,"column":0},"end":{"line":145,"column":45}},"72":{"start":{"line":147,"column":0},"end":{"line":147,"column":35}},"73":{"start":{"line":149,"column":0},"end":{"line":149,"column":43}},"74":{"start":{"line":151,"column":0},"end":{"line":151,"column":41}},"75":{"start":{"line":153,"column":0},"end":{"line":153,"column":49}},"76":{"start":{"line":155,"column":0},"end":{"line":155,"column":95}},"77":{"start":{"line":155,"column":39},"end":{"line":155,"column":93}},"78":{"start":{"line":157,"column":0},"end":{"line":195,"column":2}}},"branchMap":{"1":{"line":155,"type":"cond-expr","locations":[{"start":{"line":155,"column":70},"end":{"line":155,"column":73}},{"start":{"line":155,"column":76},"end":{"line":155,"column":92}}]},"2":{"line":155,"type":"binary-expr","locations":[{"start":{"line":155,"column":46},"end":{"line":155,"column":49}},{"start":{"line":155,"column":53},"end":{"line":155,"column":67}}]}},"code":["'use strict';","","Object.defineProperty(exports, \"__esModule\", {","  value: true","});","","var _assign = require('lodash/assign');","","var _assign2 = _interopRequireDefault(_assign);","","var _capitalize = require('lodash/capitalize');","","var _capitalize2 = _interopRequireDefault(_capitalize);","","var _clone = require('lodash/clone');","","var _clone2 = _interopRequireDefault(_clone);","","var _defer = require('lodash/defer');","","var _defer2 = _interopRequireDefault(_defer);","","var _delay = require('lodash/delay');","","var _delay2 = _interopRequireDefault(_delay);","","var _each = require('lodash/each');","","var _each2 = _interopRequireDefault(_each);","","var _every = require('lodash/every');","","var _every2 = _interopRequireDefault(_every);","","var _extend = require('lodash/extend');","","var _extend2 = _interopRequireDefault(_extend);","","var _filter = require('lodash/filter');","","var _filter2 = _interopRequireDefault(_filter);","","var _find = require('lodash/find');","","var _find2 = _interopRequireDefault(_find);","","var _findLast = require('lodash/findLast');","","var _findLast2 = _interopRequireDefault(_findLast);","","var _flatten = require('lodash/flatten');","","var _flatten2 = _interopRequireDefault(_flatten);","","var _functions = require('lodash/functions');","","var _functions2 = _interopRequireDefault(_functions);","","var _get = require('lodash/get');","","var _get2 = _interopRequireDefault(_get);","","var _groupBy = require('lodash/groupBy');","","var _groupBy2 = _interopRequireDefault(_groupBy);","","var _includes = require('lodash/includes');","","var _includes2 = _interopRequireDefault(_includes);","","var _invoke = require('lodash/invoke');","","var _invoke2 = _interopRequireDefault(_invoke);","","var _isArray = require('lodash/isArray');","","var _isArray2 = _interopRequireDefault(_isArray);","","var _isBoolean = require('lodash/isBoolean');","","var _isBoolean2 = _interopRequireDefault(_isBoolean);","","var _isEqual = require('lodash/isEqual');","","var _isEqual2 = _interopRequireDefault(_isEqual);","","var _isEqualWith = require('lodash/isEqualWith');","","var _isEqualWith2 = _interopRequireDefault(_isEqualWith);","","var _isFunction = require('lodash/isFunction');","","var _isFunction2 = _interopRequireDefault(_isFunction);","","var _isNumber = require('lodash/isNumber');","","var _isNumber2 = _interopRequireDefault(_isNumber);","","var _isPlainObject = require('lodash/isPlainObject');","","var _isPlainObject2 = _interopRequireDefault(_isPlainObject);","","var _isRegExp = require('lodash/isRegExp');","","var _isRegExp2 = _interopRequireDefault(_isRegExp);","","var _isString = require('lodash/isString');","","var _isString2 = _interopRequireDefault(_isString);","","var _keys = require('lodash/keys');","","var _keys2 = _interopRequireDefault(_keys);","","var _last = require('lodash/last');","","var _last2 = _interopRequireDefault(_last);","","var _map = require('lodash/map');","","var _map2 = _interopRequireDefault(_map);","","var _reduce = require('lodash/reduce');","","var _reduce2 = _interopRequireDefault(_reduce);","","var _reject = require('lodash/reject');","","var _reject2 = _interopRequireDefault(_reject);","","var _some = require('lodash/some');","","var _some2 = _interopRequireDefault(_some);","","var _tap = require('lodash/tap');","","var _tap2 = _interopRequireDefault(_tap);","","var _transform = require('lodash/transform');","","var _transform2 = _interopRequireDefault(_transform);","","var _union = require('lodash/union');","","var _union2 = _interopRequireDefault(_union);","","var _uniq = require('lodash/uniq');","","var _uniq2 = _interopRequireDefault(_uniq);","","var _without = require('lodash/without');","","var _without2 = _interopRequireDefault(_without);","","function _interopRequireDefault(obj) { return obj && obj.__esModule ? obj : { default: obj }; }","","exports.default = {","  assign: _assign2.default,","  capitalize: _capitalize2.default,","  clone: _clone2.default,","  defer: _defer2.default,","  delay: _delay2.default,","  each: _each2.default,","  every: _every2.default,","  extend: _extend2.default,","  filter: _filter2.default,","  find: _find2.default,","  findLast: _findLast2.default,","  flatten: _flatten2.default,","  functions: _functions2.default,","  get: _get2.default,","  groupBy: _groupBy2.default,","  includes: _includes2.default,","  invoke: _invoke2.default,","  isArray: _isArray2.default,","  isBoolean: _isBoolean2.default,","  isEqual: _isEqual2.default,","  isEqualWith: _isEqualWith2.default,","  isFunction: _isFunction2.default,","  isNumber: _isNumber2.default,","  isPlainObject: _isPlainObject2.default,","  isRegExp: _isRegExp2.default,","  isString: _isString2.default,","  keys: _keys2.default,","  last: _last2.default,","  map: _map2.default,","  reduce: _reduce2.default,","  reject: _reject2.default,","  some: _some2.default,","  tap: _tap2.default,","  transform: _transform2.default,","  union: _union2.default,","  uniq: _uniq2.default,","  without: _without2.default","};"],"l":{"3":1,"7":1,"9":1,"11":1,"13":1,"15":1,"17":1,"19":1,"21":1,"23":1,"25":1,"27":1,"29":1,"31":1,"33":1,"35":1,"37":1,"39":1,"41":1,"43":1,"45":1,"47":1,"49":1,"51":1,"53":1,"55":1,"57":1,"59":1,"61":1,"63":1,"65":1,"67":1,"69":1,"71":1,"73":1,"75":1,"77":1,"79":1,"81":1,"83":1,"85":1,"87":1,"89":1,"91":1,"93":1,"95":1,"97":1,"99":1,"101":1,"103":1,"105":1,"107":1,"109":1,"111":1,"113":1,"115":1,"117":1,"119":1,"121":1,"123":1,"125":1,"127":1,"129":1,"131":1,"133":1,"135":1,"137":1,"139":1,"141":1,"143":1,"145":1,"147":1,"149":1,"151":1,"153":1,"155":37,"157":1}},"/home/travis/build/npmtest/node-npmtest-testdouble/node_modules/testdouble/lib/matchers/create.js":{"path":"/home/travis/build/npmtest/node-npmtest-testdouble/node_modules/testdouble/lib/matchers/create.js","s":{"1":1,"2":1,"3":1,"4":1,"5":1,"6":1,"7":2,"8":1,"9":6,"10":0,"11":0,"12":0,"13":0,"14":0,"15":1,"16":0,"17":0,"18":0,"19":0,"20":0},"b":{"1":[2,0],"2":[2,2],"3":[0,0],"4":[0,0]},"f":{"1":2,"2":6,"3":0,"4":0,"5":0,"6":0},"fnMap":{"1":{"name":"_interopRequireDefault","line":15,"loc":{"start":{"line":15,"column":0},"end":{"line":15,"column":37}}},"2":{"name":"(anonymous_2)","line":17,"loc":{"start":{"line":17,"column":18},"end":{"line":17,"column":36}}},"3":{"name":"(anonymous_3)","line":18,"loc":{"start":{"line":18,"column":9},"end":{"line":18,"column":21}}},"4":{"name":"__matches","line":25,"loc":{"start":{"line":25,"column":17},"end":{"line":25,"column":47}}},"5":{"name":"(anonymous_5)","line":28,"loc":{"start":{"line":28,"column":7},"end":{"line":28,"column":34}}},"6":{"name":"nameFor","line":34,"loc":{"start":{"line":34,"column":14},"end":{"line":34,"column":52}}}},"statementMap":{"1":{"start":{"line":3,"column":0},"end":{"line":5,"column":3}},"2":{"start":{"line":7,"column":0},"end":{"line":7,"column":49}},"3":{"start":{"line":9,"column":0},"end":{"line":9,"column":55}},"4":{"start":{"line":11,"column":0},"end":{"line":11,"column":51}},"5":{"start":{"line":13,"column":0},"end":{"line":13,"column":53}},"6":{"start":{"line":15,"column":0},"end":{"line":15,"column":95}},"7":{"start":{"line":15,"column":39},"end":{"line":15,"column":93}},"8":{"start":{"line":17,"column":0},"end":{"line":32,"column":2}},"9":{"start":{"line":18,"column":2},"end":{"line":31,"column":4}},"10":{"start":{"line":19,"column":4},"end":{"line":21,"column":5}},"11":{"start":{"line":20,"column":6},"end":{"line":20,"column":42}},"12":{"start":{"line":23,"column":4},"end":{"line":30,"column":7}},"13":{"start":{"line":26,"column":8},"end":{"line":26,"column":54}},"14":{"start":{"line":29,"column":6},"end":{"line":29,"column":91}},"15":{"start":{"line":34,"column":0},"end":{"line":42,"column":2}},"16":{"start":{"line":35,"column":2},"end":{"line":41,"column":3}},"17":{"start":{"line":36,"column":4},"end":{"line":36,"column":36}},"18":{"start":{"line":37,"column":9},"end":{"line":41,"column":3}},"19":{"start":{"line":38,"column":4},"end":{"line":38,"column":75}},"20":{"start":{"line":40,"column":4},"end":{"line":40,"column":75}}},"branchMap":{"1":{"line":15,"type":"cond-expr","locations":[{"start":{"line":15,"column":70},"end":{"line":15,"column":73}},{"start":{"line":15,"column":76},"end":{"line":15,"column":92}}]},"2":{"line":15,"type":"binary-expr","locations":[{"start":{"line":15,"column":46},"end":{"line":15,"column":49}},{"start":{"line":15,"column":53},"end":{"line":15,"column":67}}]},"3":{"line":35,"type":"if","locations":[{"start":{"line":35,"column":2},"end":{"line":35,"column":2}},{"start":{"line":35,"column":2},"end":{"line":35,"column":2}}]},"4":{"line":37,"type":"if","locations":[{"start":{"line":37,"column":9},"end":{"line":37,"column":9}},{"start":{"line":37,"column":9},"end":{"line":37,"column":9}}]}},"code":["'use strict';","","Object.defineProperty(exports, \"__esModule\", {","  value: true","});","","var _lodashWrap = require('../util/lodash-wrap');","","var _lodashWrap2 = _interopRequireDefault(_lodashWrap);","","var _arguments = require('../stringify/arguments');","","var _arguments2 = _interopRequireDefault(_arguments);","","function _interopRequireDefault(obj) { return obj && obj.__esModule ? obj : { default: obj }; }","","exports.default = function (config) {","  return function () {","    for (var _len = arguments.length, matcherArgs = Array(_len), _key = 0; _key < _len; _key++) {","      matcherArgs[_key] = arguments[_key];","    }","","    return _lodashWrap2.default.tap({","      __name: nameFor(config, matcherArgs),","      __matches: function __matches(actualArg) {","        return config.matches(matcherArgs, actualArg);","      }","    }, function (matcherInstance) {","      return _lodashWrap2.default.invoke(config, 'onCreate', matcherInstance, matcherArgs);","    });","  };","};","","var nameFor = function nameFor(config, matcherArgs) {","  if (_lodashWrap2.default.isFunction(config.name)) {","    return config.name(matcherArgs);","  } else if (config.name != null) {","    return config.name + '(' + (0, _arguments2.default)(matcherArgs) + ')';","  } else {","    return '[Matcher for (' + (0, _arguments2.default)(matcherArgs) + ')]';","  }","};"],"l":{"3":1,"7":1,"9":1,"11":1,"13":1,"15":2,"17":1,"18":6,"19":0,"20":0,"23":0,"26":0,"29":0,"34":1,"35":0,"36":0,"37":0,"38":0,"40":0}},"/home/travis/build/npmtest/node-npmtest-testdouble/node_modules/testdouble/lib/stringify/arguments.js":{"path":"/home/travis/build/npmtest/node-npmtest-testdouble/node_modules/testdouble/lib/stringify/arguments.js","s":{"1":1,"2":1,"3":1,"4":1,"5":1,"6":1,"7":2,"8":1,"9":0,"10":0,"11":0,"12":0},"b":{"1":[2,0],"2":[2,2],"3":[0,0],"4":[0,0],"5":[0,0],"6":[0,0]},"f":{"1":2,"2":0,"3":0},"fnMap":{"1":{"name":"_interopRequireDefault","line":15,"loc":{"start":{"line":15,"column":0},"end":{"line":15,"column":37}}},"2":{"name":"(anonymous_2)","line":17,"loc":{"start":{"line":17,"column":18},"end":{"line":17,"column":34}}},"3":{"name":"(anonymous_3)","line":20,"loc":{"start":{"line":20,"column":40},"end":{"line":20,"column":55}}}},"statementMap":{"1":{"start":{"line":3,"column":0},"end":{"line":5,"column":3}},"2":{"start":{"line":7,"column":0},"end":{"line":7,"column":49}},"3":{"start":{"line":9,"column":0},"end":{"line":9,"column":55}},"4":{"start":{"line":11,"column":0},"end":{"line":11,"column":38}},"5":{"start":{"line":13,"column":0},"end":{"line":13,"column":51}},"6":{"start":{"line":15,"column":0},"end":{"line":15,"column":95}},"7":{"start":{"line":15,"column":39},"end":{"line":15,"column":93}},"8":{"start":{"line":17,"column":0},"end":{"line":23,"column":2}},"9":{"start":{"line":18,"column":2},"end":{"line":18,"column":88}},"10":{"start":{"line":19,"column":2},"end":{"line":19,"column":87}},"11":{"start":{"line":20,"column":2},"end":{"line":22,"column":18}},"12":{"start":{"line":21,"column":4},"end":{"line":21,"column":65}}},"branchMap":{"1":{"line":15,"type":"cond-expr","locations":[{"start":{"line":15,"column":70},"end":{"line":15,"column":73}},{"start":{"line":15,"column":76},"end":{"line":15,"column":92}}]},"2":{"line":15,"type":"binary-expr","locations":[{"start":{"line":15,"column":46},"end":{"line":15,"column":49}},{"start":{"line":15,"column":53},"end":{"line":15,"column":67}}]},"3":{"line":18,"type":"cond-expr","locations":[{"start":{"line":18,"column":68},"end":{"line":18,"column":80}},{"start":{"line":18,"column":83},"end":{"line":18,"column":87}}]},"4":{"line":18,"type":"binary-expr","locations":[{"start":{"line":18,"column":15},"end":{"line":18,"column":35}},{"start":{"line":18,"column":39},"end":{"line":18,"column":65}}]},"5":{"line":19,"type":"cond-expr","locations":[{"start":{"line":19,"column":69},"end":{"line":19,"column":81}},{"start":{"line":19,"column":84},"end":{"line":19,"column":86}}]},"6":{"line":19,"type":"binary-expr","locations":[{"start":{"line":19,"column":16},"end":{"line":19,"column":36}},{"start":{"line":19,"column":40},"end":{"line":19,"column":66}}]}},"code":["'use strict';","","Object.defineProperty(exports, \"__esModule\", {","  value: true","});","","var _lodashWrap = require('../util/lodash-wrap');","","var _lodashWrap2 = _interopRequireDefault(_lodashWrap);","","var _anything = require('./anything');","","var _anything2 = _interopRequireDefault(_anything);","","function _interopRequireDefault(obj) { return obj && obj.__esModule ? obj : { default: obj }; }","","exports.default = function (args) {","  var joiner = arguments.length > 1 && arguments[1] !== undefined ? arguments[1] : ', ';","  var wrapper = arguments.length > 2 && arguments[2] !== undefined ? arguments[2] : '';","  return _lodashWrap2.default.map(args, function (arg) {","    return '' + wrapper + (0, _anything2.default)(arg) + wrapper;","  }).join(joiner);","};"],"l":{"3":1,"7":1,"9":1,"11":1,"13":1,"15":2,"17":1,"18":0,"19":0,"20":0,"21":0}},"/home/travis/build/npmtest/node-npmtest-testdouble/node_modules/testdouble/lib/stringify/anything.js":{"path":"/home/travis/build/npmtest/node-npmtest-testdouble/node_modules/testdouble/lib/stringify/anything.js","s":{"1":1,"2":1,"3":1,"4":1,"5":1,"6":1,"7":1,"8":1,"9":3,"10":1,"11":0,"12":0,"13":0,"14":0,"15":0,"16":0,"17":0,"18":0,"19":1,"20":0},"b":{"1":[2,1],"2":[3,3],"3":[0,0],"4":[0,0],"5":[0,0],"6":[0,0]},"f":{"1":3,"2":0,"3":0,"4":0},"fnMap":{"1":{"name":"_interopRequireDefault","line":19,"loc":{"start":{"line":19,"column":0},"end":{"line":19,"column":37}}},"2":{"name":"(anonymous_2)","line":21,"loc":{"start":{"line":21,"column":18},"end":{"line":21,"column":38}}},"3":{"name":"transform","line":31,"loc":{"start":{"line":31,"column":17},"end":{"line":31,"column":63}}},"4":{"name":"stringifyString","line":42,"loc":{"start":{"line":42,"column":22},"end":{"line":42,"column":55}}}},"statementMap":{"1":{"start":{"line":3,"column":0},"end":{
[...]
110,"column":84}}]}},"code":["'use strict';","","Object.defineProperty(exports, \"__esModule\", {","  value: true","});","","var _lodashWrap = require('./util/lodash-wrap');","","var _lodashWrap2 = _interopRequireDefault(_lodashWrap);","","var _argsMatch = require('./args-match');","","var _argsMatch2 = _interopRequireDefault(_argsMatch);","","var _calls = require('./store/calls');","","var _calls2 = _interopRequireDefault(_calls);","","var _log = require('./log');","","var _log2 = _interopRequireDefault(_log);","","var _store = require('./store');","","var _store2 = _interopRequireDefault(_store);","","var _arguments = require('./stringify/arguments');","","var _arguments2 = _interopRequireDefault(_arguments);","","var _stubbings = require('./store/stubbings');","","var _stubbings2 = _interopRequireDefault(_stubbings);","","function _interopRequireDefault(obj) { return obj && obj.__esModule ? obj : { default: obj }; }","","exports.default = function (__userDoesRehearsalInvocationHere__) {","  var config = arguments.length > 1 && arguments[1] !== undefined ? arguments[1] : {};","","  var last = _calls2.default.pop();","  ensureRehearsalOccurred(last);","  if (_calls2.default.wasInvoked(last.testDouble, last.args, config)) {","    // Do nothing! We're verified! :-D","    warnIfStubbed(last.testDouble, last.args);","  } else {","    _log2.default.fail(unsatisfiedErrorMessage(last.testDouble, last.args, config));","  }","};","","var ensureRehearsalOccurred = function ensureRehearsalOccurred(last) {","  if (!last) {","    _log2.default.error('td.verify', 'No test double invocation detected for `verify()`.\\n\\n  Usage:\\n    verify(myTestDouble(\\'foo\\'))');","  }","};","","var warnIfStubbed = function warnIfStubbed(testDouble, actualArgs) {","  if (_lodashWrap2.default.some(_stubbings2.default.for(testDouble), function (stubbing) {","    return (0, _argsMatch2.default)(stubbing.args, actualArgs, stubbing.config);","  })) {","    _log2.default.warn('td.verify', 'test double' + stringifyName(testDouble) + ' was both stubbed and verified with arguments (' + (0, _arguments2.default)(actualArgs) + '), which is redundant and probably unnecessary.', 'https://github.com/testdouble/testdouble.js/blob/master/docs/B-frequently-asked-questions.md#why-shouldnt-i-call-both-tdwhen-and-tdverify-for-a-single-interaction-with-a-test-double');","  }","};","","var unsatisfiedErrorMessage = function unsatisfiedErrorMessage(testDouble, args, config) {","  return baseSummary(testDouble, args, config) + matchedInvocationSummary(testDouble, args, config) + invocationSummary(testDouble, args, config);","};","","var stringifyName = function stringifyName(testDouble) {","  var name = _store2.default.for(testDouble).name;","  return name ? ' `' + name + '`' : '';","};","","var baseSummary = function baseSummary(testDouble, args, config) {","  return 'Unsatisfied verification on test double' + stringifyName(testDouble) + '.\\n\\n  Wanted:\\n    - called with `(' + (0, _arguments2.default)(args) + ')`' + timesMessage(config) + ignoreMessage(config) + '.';","};","","var invocationSummary = function invocationSummary(testDouble, args, config) {","  var calls = _calls2.default.for(testDouble);","  if (calls.length === 0) {","    return '\\n\\n  But there were no invocations of the test double.';","  } else {","    return _lodashWrap2.default.reduce(calls, function (desc, call) {","      return desc + ('\\n    - called with `(' + (0, _arguments2.default)(call.args) + ')`.');","    }, '\\n\\n  All calls of the test double, in order were:');","  }","};","","var matchedInvocationSummary = function matchedInvocationSummary(testDouble, args, config) {","  var calls = _calls2.default.where(testDouble, args, config);","  var expectedCalls = config.times || 0;","","  if (calls.length === 0 || calls.length > expectedCalls) {","    return '';","  } else {","    return _lodashWrap2.default.reduce(_lodashWrap2.default.groupBy(calls, 'args'), function (desc, callsMatchingArgs, args) {","      return desc + ('\\n    - called ' + pluralize(callsMatchingArgs.length, 'time') + ' with `(' + (0, _arguments2.default)(callsMatchingArgs[0].args) + ')`.');","    }, '\\n\\n  ' + pluralize(calls.length, 'call') + ' that satisfied this verification:');","  }","};","","var pluralize = function pluralize(x, msg) {","  return x + ' ' + msg + (x === 1 ? '' : 's');","};","","var timesMessage = function timesMessage(config) {","  return config.times != null ? ' ' + pluralize(config.times, 'time') : '';","};","","var ignoreMessage = function ignoreMessage(config) {","  return config.ignoreExtraArgs != null ? ', ignoring any additional arguments' : '';","};"],"l":{"3":1,"7":1,"9":1,"11":1,"13":1,"15":1,"17":1,"19":1,"21":1,"23":1,"25":1,"27":1,"29":1,"31":1,"33":1,"35":7,"37":1,"38":0,"40":0,"41":0,"42":0,"44":0,"46":0,"50":1,"51":0,"52":0,"56":1,"57":0,"58":0,"60":0,"64":1,"65":0,"68":1,"69":0,"70":0,"73":1,"74":0,"77":1,"78":0,"79":0,"80":0,"82":0,"83":0,"88":1,"89":0,"90":0,"92":0,"93":0,"95":0,"96":0,"101":1,"102":0,"105":1,"106":0,"109":1,"110":0}},"/home/travis/build/npmtest/node-npmtest-testdouble/node_modules/testdouble/lib/version.js":{"path":"/home/travis/build/npmtest/node-npmtest-testdouble/node_modules/testdouble/lib/version.js","s":{"1":1,"2":1},"b":{},"f":{},"fnMap":{},"statementMap":{"1":{"start":{"line":3,"column":0},"end":{"line":5,"column":3}},"2":{"start":{"line":6,"column":0},"end":{"line":6,"column":26}}},"branchMap":{},"code":["'use strict';","","Object.defineProperty(exports, \"__esModule\", {","  value: true","});","exports.default = '2.1.2';"],"l":{"3":1,"6":1}},"/home/travis/build/npmtest/node-npmtest-testdouble/node_modules/testdouble/lib/when.js":{"path":"/home/travis/build/npmtest/node-npmtest-testdouble/node_modules/testdouble/lib/when.js","s":{"1":1,"2":1,"3":1,"4":1,"5":1,"6":1,"7":1,"8":1,"9":1,"10":1,"11":1,"12":1,"13":1,"14":1,"15":6,"16":1,"17":0,"18":0,"19":0,"20":0,"21":0,"22":0,"23":0,"24":0,"25":0,"26":0,"27":0,"28":0,"29":0,"30":0,"31":0,"32":0,"33":0,"34":0,"35":0,"36":0,"37":0,"38":0,"39":1,"40":0,"41":0,"42":0,"43":0,"44":0,"45":1,"46":0,"47":0,"48":1,"49":0,"50":0,"51":0,"52":0,"53":0,"54":1,"55":0,"56":0},"b":{"1":[6,0],"2":[6,6],"3":[0,0],"4":[0,0],"5":[0,0],"6":[0,0],"7":[0,0],"8":[0,0]},"f":{"1":6,"2":0,"3":0,"4":0,"5":0,"6":0,"7":0,"8":0,"9":0,"10":0,"11":0,"12":0},"fnMap":{"1":{"name":"_interopRequireDefault","line":31,"loc":{"start":{"line":31,"column":0},"end":{"line":31,"column":37}}},"2":{"name":"(anonymous_2)","line":33,"loc":{"start":{"line":33,"column":18},"end":{"line":33,"column":65}}},"3":{"name":"thenReturn","line":36,"loc":{"start":{"line":36,"column":16},"end":{"line":36,"column":38}}},"4":{"name":"thenCallback","line":43,"loc":{"start":{"line":43,"column":18},"end":{"line":43,"column":42}}},"5":{"name":"thenDo","line":50,"loc":{"start":{"line":50,"column":12},"end":{"line":50,"column":30}}},"6":{"name":"thenThrow","line":57,"loc":{"start":{"line":57,"column":15},"end":{"line":57,"column":36}}},"7":{"name":"thenResolve","line":64,"loc":{"start":{"line":64,"column":17},"end":{"line":64,"column":40}}},"8":{"name":"thenReject","line":73,"loc":{"start":{"line":73,"column":16},"end":{"line":73,"column":38}}},"9":{"name":"addStubbing","line":85,"loc":{"start":{"line":85,"column":18},"end":{"line":85,"column":68}}},"10":{"name":"ensureRehearsalOccurred","line":93,"loc":{"start":{"line":93,"column":30},"end":{"line":93,"column":69}}},"11":{"name":"concatImpliedCallback","line":99,"loc":{"start":{"line":99,"column":28},"end":{"line":99,"column":73}}},"12":{"name":"warnIfPromiseless","line":109,"loc":{"start":{"line":109,"column":24},"end":{"line":109,"column":53}}}},"statementMap":{"1":{"start":{"line":3,"column":0},"end":{"line":5,"column":3}},"2":{"start":{"line":7,"column":0},"end":{"line":7,"column":48}},"3":{"start":{"line":9,"column":0},"end":{"line":9,"column":55}},"4":{"start":{"line":11,"column":0},"end":{"line":11,"column":47}},"5":{"start":{"line":13,"column":0},"end":{"line":13,"column":51}},"6":{"start":{"line":15,"column":0},"end":{"line":15,"column":38}},"7":{"start":{"line":17,"column":0},"end":{"line":17,"column":45}},"8":{"start":{"line":19,"column":0},"end":{"line":19,"column":28}},"9":{"start":{"line":21,"column":0},"end":{"line":21,"column":41}},"10":{"start":{"line":23,"column":0},"end":{"line":23,"column":46}},"11":{"start":{"line":25,"column":0},"end":{"line":25,"column":53}},"12":{"start":{"line":27,"column":0},"end":{"line":27,"column":34}},"13":{"start":{"line":29,"column":0},"end":{"line":29,"column":47}},"14":{"start":{"line":31,"column":0},"end":{"line":31,"column":95}},"15":{"start":{"line":31,"column":39},"end":{"line":31,"column":93}},"16":{"start":{"line":33,"column":0},"end":{"line":83,"column":2}},"17":{"start":{"line":34,"column":2},"end":{"line":34,"column":86}},"18":{"start":{"line":35,"column":2},"end":{"line":82,"column":4}},"19":{"start":{"line":37,"column":6},"end":{"line":39,"column":7}},"20":{"start":{"line":38,"column":8},"end":{"line":38,"column":46}},"21":{"start":{"line":41,"column":6},"end":{"line":41,"column":62}},"22":{"start":{"line":44,"column":6},"end":{"line":46,"column":7}},"23":{"start":{"line":45,"column":8},"end":{"line":45,"column":48}},"24":{"start":{"line":48,"column":6},"end":{"line":48,"column":64}},"25":{"start":{"line":51,"column":6},"end":{"line":53,"column":7}},"26":{"start":{"line":52,"column":8},"end":{"line":52,"column":48}},"27":{"start":{"line":55,"column":6},"end":{"line":55,"column":58}},"28":{"start":{"line":58,"column":6},"end":{"line":60,"column":7}},"29":{"start":{"line":59,"column":8},"end":{"line":59,"column":48}},"30":{"start":{"line":62,"column":6},"end":{"line":62,"column":61}},"31":{"start":{"line":65,"column":6},"end":{"line":65,"column":26}},"32":{"start":{"line":67,"column":6},"end":{"line":69,"column":7}},"33":{"start":{"line":68,"column":8},"end":{"line":68,"column":48}},"34":{"start":{"line":71,"column":6},"end":{"line":71,"column":63}},"35":{"start":{"line":74,"column":6},"end":{"line":74,"column":26}},"36":{"start":{"line":76,"column":6},"end":{"line":78,"column":7}},"37":{"start":{"line":77,"column":8},"end":{"line":77,"column":48}},"38":{"start":{"line":80,"column":6},"end":{"line":80,"column":62}},"39":{"start":{"line":85,"column":0},"end":{"line":91,"column":2}},"40":{"start":{"line":86,"column":2},"end":{"line":86,"column":35}},"41":{"start":{"line":87,"column":2},"end":{"line":87,"column":32}},"42":{"start":{"line":88,"column":2},"end":{"line":88,"column":54}},"43":{"start":{"line":89,"column":2},"end":{"line":89,"column":108}},"44":{"start":{"line":90,"column":2},"end":{"line":90,"column":25}},"45":{"start":{"line":93,"column":0},"end":{"line":97,"column":2}},"46":{"start":{"line":94,"column":2},"end":{"line":96,"column":3}},"47":{"start":{"line":95,"column":4},"end":{"line":95,"column":164}},"48":{"start":{"line":99,"column":0},"end":{"line":107,"column":2}},"49":{"start":{"line":100,"column":2},"end":{"line":106,"column":3}},"50":{"start":{"line":101,"column":4},"end":{"line":101,"column":16}},"51":{"start":{"line":102,"column":9},"end":{"line":106,"column":3}},"52":{"start":{"line":103,"column":4},"end":{"line":103,"column":43}},"53":{"start":{"line":105,"column":4},"end":{"line":105,"column":16}},"54":{"start":{"line":109,"column":0},"end":{"line":113,"column":2}},"55":{"start":{"line":110,"column":2},"end":{"line":112,"column":3}},"56":{"start":{"line":111,"column":4},"end":{"line":111,"column":340}}},"branchMap":{"1":{"line":31,"type":"cond-expr","locations":[{"start":{"line":31,"column":70},"end":{"line":31,"column":73}},{"start":{"line":31,"column":76},"end":{"line":31,"column":92}}]},"2":{"line":31,"type":"binary-expr","locations":[{"start":{"line":31,"column":46},"end":{"line":31,"column":49}},{"start":{"line":31,"column":53},"end":{"line":31,"column":67}}]},"3":{"line":34,"type":"cond-expr","locations":[{"start":{"line":34,"column":68},"end":{"line":34,"column":80}},{"start":{"line":34,"column":83},"end":{"line":34,"column":85}}]},"4":{"line":34,"type":"binary-expr","locations":[{"start":{"line":34,"column":15},"end":{"line":34,"column":35}},{"start":{"line":34,"column":39},"end":{"line":34,"column":65}}]},"5":{"line":94,"type":"if","locations":[{"start":{"line":94,"column":2},"end":{"line":94,"column":2}},{"start":{"line":94,"column":2},"end":{"line":94,"column":2}}]},"6":{"line":100,"type":"if","locations":[{"start":{"line":100,"column":2},"end":{"line":100,"column":2}},{"start":{"line":100,"column":2},"end":{"line":100,"column":2}}]},"7":{"line":102,"type":"if","locations":[{"start":{"line":102,"column":9},"end":{"line":102,"column":9}},{"start":{"line":102,"column":9},"end":{"line":102,"column":9}}]},"8":{"line":110,"type":"if","locations":[{"start":{"line":110,"column":2},"end":{"line":110,"column":2}},{"start":{"line":110,"column":2},"end":{"line":110,"column":2}}]}},"code":["'use strict';","","Object.defineProperty(exports, \"__esModule\", {","  value: true","});","","var _lodashWrap = require('./util/lodash-wrap');","","var _lodashWrap2 = _interopRequireDefault(_lodashWrap);","","var _callback = require('./matchers/callback');","","var _callback2 = _interopRequireDefault(_callback);","","var _calls = require('./store/calls');","","var _calls2 = _interopRequireDefault(_calls);","","var _log = require('./log');","","var _log2 = _interopRequireDefault(_log);","","var _stubbings = require('./store/stubbings');","","var _stubbings2 = _interopRequireDefault(_stubbings);","","var _config = require('./config');","","var _config2 = _interopRequireDefault(_config);","","function _interopRequireDefault(obj) { return obj && obj.__esModule ? obj : { default: obj }; }","","exports.default = function (__userDoesRehearsalInvocationHere__) {","  var config = arguments.length > 1 && arguments[1] !== undefined ? arguments[1] : {};","  return {","    thenReturn: function thenReturn() {","      for (var _len = arguments.length, stubbedValues = Array(_len), _key = 0; _key < _len; _key++) {","        stubbedValues[_key] = arguments[_key];","      }","","      return addStubbing(stubbedValues, config, 'thenReturn');","    },","    thenCallback: function thenCallback() {","      for (var _len2 = arguments.length, stubbedValues = Array(_len2), _key2 = 0; _key2 < _len2; _key2++) {","        stubbedValues[_key2] = arguments[_key2];","      }","","      return addStubbing(stubbedValues, config, 'thenCallback');","    },","    thenDo: function thenDo() {","      for (var _len3 = arguments.length, stubbedValues = Array(_len3), _key3 = 0; _key3 < _len3; _key3++) {","        stubbedValues[_key3] = arguments[_key3];","      }","","      return addStubbing(stubbedValues, config, 'thenDo');","    },","    thenThrow: function thenThrow() {","      for (var _len4 = arguments.length, stubbedValues = Array(_len4), _key4 = 0; _key4 < _len4; _key4++) {","        stubbedValues[_key4] = arguments[_key4];","      }","","      return addStubbing(stubbedValues, config, 'thenThrow');","    },","    thenResolve: function thenResolve() {","      warnIfPromiseless();","","      for (var _len5 = arguments.length, stubbedValues = Array(_len5), _key5 = 0; _key5 < _len5; _key5++) {","        stubbedValues[_key5] = arguments[_key5];","      }","","      return addStubbing(stubbedValues, config, 'thenResolve');","    },","    thenReject: function thenReject() {","      warnIfPromiseless();","","      for (var _len6 = arguments.length, stubbedValues = Array(_len6), _key6 = 0; _key6 < _len6; _key6++) {","        stubbedValues[_key6] = arguments[_key6];","      }","","      return addStubbing(stubbedValues, config, 'thenReject');","    }","  };","};","","var addStubbing = function addStubbing(stubbedValues, config, plan) {","  var last = _calls2.default.pop();","  ensureRehearsalOccurred(last);","  _lodashWrap2.default.assign(config, { plan: plan });","  _stubbings2.default.add(last.testDouble, concatImpliedCallback(last.args, config), stubbedValues, config);","  return last.testDouble;","};","","var ensureRehearsalOccurred = function ensureRehearsalOccurred(last) {","  if (!last) {","    return _log2.default.error('td.when', 'No test double invocation call detected for `when()`.\\n\\n  Usage:\\n    when(myTestDouble(\\'foo\\')).thenReturn(\\'bar\\')');","  }","};","","var concatImpliedCallback = function concatImpliedCallback(args, config) {","  if (config.plan !== 'thenCallback') {","    return args;","  } else if (!_lodashWrap2.default.some(args, _callback2.default.isCallback)) {","    return args.concat(_callback2.default);","  } else {","    return args;","  }","};","","var warnIfPromiseless = function warnIfPromiseless() {","  if ((0, _config2.default)().promiseConstructor == null) {","    _log2.default.warn('td.when', 'no promise constructor is set, so this `thenResolve` or `thenReject` stubbing\\nwill fail if it\\'s satisfied by an invocation on the test double. You can tell\\ntestdouble.js which promise constructor to use with `td.config`, like so:\\n\\n  td.config({\\n    promiseConstructor: require(\\'bluebird\\')\\n  })');","  }","};"],"l":{"3":1,"7":1,"9":1,"11":1,"13":1,"15":1,"17":1,"19":1,"21":1,"23":1,"25":1,"27":1,"29":1,"31":6,"33":1,"34":0,"35":0,"37":0,"38":0,"41":0,"44":0,"45":0,"48":0,"51":0,"52":0,"55":0,"58":0,"59":0,"62":0,"65":0,"67":0,"68":0,"71":0,"74":0,"76":0,"77":0,"80":0,"85":1,"86":0,"87":0,"88":0,"89":0,"90":0,"93":1,"94":0,"95":0,"99":1,"100":0,"101":0,"102":0,"103":0,"105":0,"109":1,"110":0,"111":0}},"/home/travis/build/npmtest/node-npmtest-testdouble/node_modules/testdouble/testem.js":{"path":"/home/travis/build/npmtest/node-npmtest-testdouble/node_modules/testdouble/testem.js","s":{"1":1,"2":1},"b":{},"f":{},"fnMap":{},"statementMap":{"1":{"start":{"line":1,"column":0},"end":{"line":1,"column":35}},"2":{"start":{"line":3,"column":0},"end":{"line":8,"column":1}}},"branchMap":{},"code":["var pkg = require('./package.json')","","module.exports = {","  launch_in_dev: ['chrome'],","  launch_in_ci: ['phantomjs'],","  framework: 'mocha+chai',","  serve_files: [pkg.config.test_bundle]","}",""],"l":{"1":1,"3":1}},"/home/travis/build/npmtest/node-npmtest-testdouble/node_modules/testdouble/lib/quibble.browser.js":{"path":"/home/travis/build/npmtest/node-npmtest-testdouble/node_modules/testdouble/lib/quibble.browser.js","s":{"1":1,"2":1},"b":{},"f":{"1":0,"2":0,"3":0},"fnMap":{"1":{"name":"absolutify","line":7,"loc":{"start":{"line":7,"column":14},"end":{"line":7,"column":36}}},"2":{"name":"ignoreCallsFromThisFile","line":8,"loc":{"start":{"line":8,"column":27},"end":{"line":8,"column":62}}},"3":{"name":"reset","line":9,"loc":{"start":{"line":9,"column":9},"end":{"line":9,"column":26}}}},"statementMap":{"1":{"start":{"line":3,"column":0},"end":{"line":5,"column":3}},"2":{"start":{"line":6,"column":0},"end":{"line":10,"column":2}}},"branchMap":{},"code":["\"use strict\";","","Object.defineProperty(exports, \"__esModule\", {","  value: true","});","exports.default = {","  absolutify: function absolutify() {},","  ignoreCallsFromThisFile: function ignoreCallsFromThisFile() {},","  reset: function reset() {}","};"],"l":{"3":1,"6":1}},"/home/travis/build/npmtest/node-npmtest-testdouble/node_modules/testdouble/lib/replace/module.browser.js":{"path":"/home/travis/build/npmtest/node-npmtest-testdouble/node_modules/testdouble/lib/replace/module.browser.js","s":{"1":1,"2":1,"3":0},"b":{},"f":{"1":0},"fnMap":{"1":{"name":"(anonymous_1)","line":7,"loc":{"start":{"line":7,"column":18},"end":{"line":7,"column":30}}}},"statementMap":{"1":{"start":{"line":3,"column":0},"end":{"line":5,"column":3}},"2":{"start":{"line":7,"column":0},"end":{"line":9,"column":2}},"3":{"start":{"line":8,"column":2},"end":{"line":8,"column":51}}},"branchMap":{},"code":["'use strict';","","Object.defineProperty(exports, \"__esModule\", {","  value: true","});","","exports.default = function () {","  throw Error('This is only supported on Node.js');","};"],"l":{"3":1,"7":1,"8":0}}}